{
	"timestampISO8601": "2025-05-20T13:02:44.761Z",
	"eventType": "Press",
	"buttonId": "IA_Trigger_Right",
	"controllerId": "Right",
	"durationSeconds": 0,
	"participantId": "2",
	"sessionId": "20250520_130243",
	"conditionId": "General Tutorial",
	"appState": "General Tutorial (Introduction)"
}
{
	"timestampISO8601": "2025-05-20T13:02:44.762Z",
	"eventType": "Press",
	"buttonId": "RightTrigger",
	"controllerId": "Right",
	"durationSeconds": 0,
	"participantId": "2",
	"sessionId": "20250520_130243",
	"conditionId": "General Tutorial",
	"appState": "General Tutorial (Introduction)"
}
{
	"timestampISO8601": "2025-05-20T13:02:44.941Z",
	"eventType": "Release",
	"buttonId": "IA_Trigger_Right",
	"controllerId": "Right",
	"durationSeconds": 0.18026449903845787,
	"participantId": "2",
	"sessionId": "20250520_130243",
	"conditionId": "General Tutorial",
	"appState": "General Tutorial (Introduction)"
}
{
	"timestampISO8601": "2025-05-20T13:02:44.941Z",
	"eventType": "Release",
	"buttonId": "RightTrigger",
	"controllerId": "Right",
	"durationSeconds": 0.18014699965715408,
	"participantId": "2",
	"sessionId": "20250520_130243",
	"conditionId": "General Tutorial",
	"appState": "General Tutorial (Introduction)"
}
{
	"timestampISO8601": "2025-05-20T13:02:47.817Z",
	"eventType": "Press",
	"buttonId": "IA_Trigger_Right",
	"controllerId": "Right",
	"durationSeconds": 0,
	"participantId": "2",
	"sessionId": "20250520_130243",
	"conditionId": "General Tutorial",
	"appState": "General Tutorial (SAM Explanation)"
}
{
	"timestampISO8601": "2025-05-20T13:02:47.817Z",
	"eventType": "Press",
	"buttonId": "RightTrigger",
	"controllerId": "Right",
	"durationSeconds": 0,
	"participantId": "2",
	"sessionId": "20250520_130243",
	"conditionId": "General Tutorial",
	"appState": "General Tutorial (SAM Explanation)"
}
{
	"timestampISO8601": "2025-05-20T13:02:48.761Z",
	"eventType": "Release",
	"buttonId": "IA_Trigger_Right",
	"controllerId": "Right",
	"durationSeconds": 0.94450070336461067,
	"participantId": "2",
	"sessionId": "20250520_130243",
	"conditionId": "General Tutorial",
	"appState": "General Tutorial (SAM Explanation)"
}
{
	"timestampISO8601": "2025-05-20T13:02:48.761Z",
	"eventType": "Release",
	"buttonId": "RightTrigger",
	"controllerId": "Right",
	"durationSeconds": 0.94449380040168762,
	"participantId": "2",
	"sessionId": "20250520_130243",
	"conditionId": "General Tutorial",
	"appState": "General Tutorial (SAM Explanation)"
}
{
	"timestampISO8601": "2025-05-20T13:02:49.345Z",
	"eventType": "Press",
	"buttonId": "IA_Trigger_Right",
	"controllerId": "Right",
	"durationSeconds": 0,
	"participantId": "2",
	"sessionId": "20250520_130243",
	"conditionId": "General Tutorial",
	"appState": "General Tutorial (SAM Explanation)"
}
{
	"timestampISO8601": "2025-05-20T13:02:49.345Z",
	"eventType": "Press",
	"buttonId": "RightTrigger",
	"controllerId": "Right",
	"durationSeconds": 0,
	"participantId": "2",
	"sessionId": "20250520_130243",
	"conditionId": "General Tutorial",
	"appState": "General Tutorial (SAM Explanation)"
}
{
	"timestampISO8601": "2025-05-20T13:02:53.136Z",
	"eventType": "Release",
	"buttonId": "IA_Trigger_Right",
	"controllerId": "Right",
	"durationSeconds": 3.791227400302887,
	"participantId": "2",
	"sessionId": "20250520_130243",
	"conditionId": "General Tutorial",
	"appState": "General Tutorial (SAM Explanation)"
}
{
	"timestampISO8601": "2025-05-20T13:02:53.136Z",
	"eventType": "Release",
	"buttonId": "RightTrigger",
	"controllerId": "Right",
	"durationSeconds": 3.7912505008280277,
	"participantId": "2",
	"sessionId": "20250520_130243",
	"conditionId": "General Tutorial",
	"appState": "General Tutorial (SAM Explanation)"
}
{
	"timestampISO8601": "2025-05-20T13:02:53.414Z",
	"eventType": "Release",
	"buttonId": "IA_Grab_Right",
	"controllerId": "Right",
	"durationSeconds": -1,
	"participantId": "2",
	"sessionId": "20250520_130243",
	"conditionId": "General Tutorial",
	"appState": "General Tutorial (SAM Explanation)"
}
{
	"timestampISO8601": "2025-05-20T13:02:53.414Z",
	"eventType": "Release",
	"buttonId": "RightGrab",
	"controllerId": "Right",
	"durationSeconds": -1,
	"participantId": "2",
	"sessionId": "20250520_130243",
	"conditionId": "General Tutorial",
	"appState": "General Tutorial (SAM Explanation)"
}
{
	"timestampISO8601": "2025-05-20T13:02:54.845Z",
	"eventType": "Press",
	"buttonId": "IA_Trigger_Right",
	"controllerId": "Right",
	"durationSeconds": 0,
	"participantId": "2",
	"sessionId": "20250520_130243",
	"conditionId": "General Tutorial",
	"appState": "General Tutorial (SAM Explanation)"
}
{
	"timestampISO8601": "2025-05-20T13:02:54.845Z",
	"eventType": "Press",
	"buttonId": "RightTrigger",
	"controllerId": "Right",
	"durationSeconds": 0,
	"participantId": "2",
	"sessionId": "20250520_130243",
	"conditionId": "General Tutorial",
	"appState": "General Tutorial (SAM Explanation)"
}
{
	"timestampISO8601": "2025-05-20T13:02:56.484Z",
	"eventType": "Release",
	"buttonId": "IA_Trigger_Right",
	"controllerId": "Right",
	"durationSeconds": 1.6401038989424706,
	"participantId": "2",
	"sessionId": "20250520_130243",
	"conditionId": "General Tutorial",
	"appState": "General Tutorial (SAM Explanation)"
}
{
	"timestampISO8601": "2025-05-20T13:02:56.485Z",
	"eventType": "Release",
	"buttonId": "RightTrigger",
	"controllerId": "Right",
	"durationSeconds": 1.6405574008822441,
	"participantId": "2",
	"sessionId": "20250520_130243",
	"conditionId": "General Tutorial",
	"appState": "General Tutorial (SAM Explanation)"
}
{
	"timestampISO8601": "2025-05-20T13:02:57.566Z",
	"eventType": "Press",
	"buttonId": "IA_Trigger_Right",
	"controllerId": "Right",
	"durationSeconds": 0,
	"participantId": "2",
	"sessionId": "20250520_130243",
	"conditionId": "General Tutorial",
	"appState": "General Tutorial (SAM Explanation)"
}
{
	"timestampISO8601": "2025-05-20T13:02:57.566Z",
	"eventType": "Press",
	"buttonId": "RightTrigger",
	"controllerId": "Right",
	"durationSeconds": 0,
	"participantId": "2",
	"sessionId": "20250520_130243",
	"conditionId": "General Tutorial",
	"appState": "General Tutorial (SAM Explanation)"
}
{
	"timestampISO8601": "2025-05-20T13:02:58.539Z",
	"eventType": "Release",
	"buttonId": "IA_Trigger_Right",
	"controllerId": "Right",
	"durationSeconds": 0.97227989882230759,
	"participantId": "2",
	"sessionId": "20250520_130243",
	"conditionId": "General Tutorial",
	"appState": "General Tutorial (SAM Explanation)"
}
{
	"timestampISO8601": "2025-05-20T13:02:58.539Z",
	"eventType": "Release",
	"buttonId": "RightTrigger",
	"controllerId": "Right",
	"durationSeconds": 0.97228050231933594,
	"participantId": "2",
	"sessionId": "20250520_130243",
	"conditionId": "General Tutorial",
	"appState": "General Tutorial (SAM Explanation)"
}
{
	"timestampISO8601": "2025-05-20T13:02:58.969Z",
	"eventType": "Press",
	"buttonId": "IA_Trigger_Right",
	"controllerId": "Right",
	"durationSeconds": 0,
	"participantId": "2",
	"sessionId": "20250520_130243",
	"conditionId": "General Tutorial",
	"appState": "General Tutorial (SAM Explanation)"
}
{
	"timestampISO8601": "2025-05-20T13:02:58.970Z",
	"eventType": "Press",
	"buttonId": "RightTrigger",
	"controllerId": "Right",
	"durationSeconds": 0,
	"participantId": "2",
	"sessionId": "20250520_130243",
	"conditionId": "General Tutorial",
	"appState": "General Tutorial (SAM Explanation)"
}
{
	"timestampISO8601": "2025-05-20T13:03:00.872Z",
	"eventType": "Release",
	"buttonId": "IA_Trigger_Right",
	"controllerId": "Right",
	"durationSeconds": 1.9025634005665779,
	"participantId": "2",
	"sessionId": "20250520_130243",
	"conditionId": "General Tutorial",
	"appState": "General Tutorial (SAM Explanation)"
}
{
	"timestampISO8601": "2025-05-20T13:03:00.872Z",
	"eventType": "Release",
	"buttonId": "RightTrigger",
	"controllerId": "Right",
	"durationSeconds": 1.9025782980024815,
	"participantId": "2",
	"sessionId": "20250520_130243",
	"conditionId": "General Tutorial",
	"appState": "General Tutorial (SAM Explanation)"
}
{
	"timestampISO8601": "2025-05-20T13:03:01.358Z",
	"eventType": "Press",
	"buttonId": "IA_Trigger_Right",
	"controllerId": "Right",
	"durationSeconds": 0,
	"participantId": "2",
	"sessionId": "20250520_130243",
	"conditionId": "General Tutorial",
	"appState": "General Tutorial (SAM Explanation)"
}
{
	"timestampISO8601": "2025-05-20T13:03:01.358Z",
	"eventType": "Press",
	"buttonId": "RightTrigger",
	"controllerId": "Right",
	"durationSeconds": 0,
	"participantId": "2",
	"sessionId": "20250520_130243",
	"conditionId": "General Tutorial",
	"appState": "General Tutorial (SAM Explanation)"
}
{
	"timestampISO8601": "2025-05-20T13:03:01.525Z",
	"eventType": "Release",
	"buttonId": "IA_Trigger_Right",
	"controllerId": "Right",
	"durationSeconds": 0.16613980010151863,
	"participantId": "2",
	"sessionId": "20250520_130243",
	"conditionId": "General Tutorial",
	"appState": "General Tutorial (SAM Explanation)"
}
{
	"timestampISO8601": "2025-05-20T13:03:01.525Z",
	"eventType": "Release",
	"buttonId": "RightTrigger",
	"controllerId": "Right",
	"durationSeconds": 0.16614719852805138,
	"participantId": "2",
	"sessionId": "20250520_130243",
	"conditionId": "General Tutorial",
	"appState": "General Tutorial (SAM Explanation)"
}
{
	"timestampISO8601": "2025-05-20T13:03:03.608Z",
	"eventType": "Press",
	"buttonId": "IA_Trigger_Right",
	"controllerId": "Right",
	"durationSeconds": 0,
	"participantId": "2",
	"sessionId": "20250520_130243",
	"conditionId": "General Tutorial",
	"appState": "General Tutorial (Presence Explanation)"
}
{
	"timestampISO8601": "2025-05-20T13:03:03.609Z",
	"eventType": "Press",
	"buttonId": "RightTrigger",
	"controllerId": "Right",
	"durationSeconds": 0,
	"participantId": "2",
	"sessionId": "20250520_130243",
	"conditionId": "General Tutorial",
	"appState": "General Tutorial (Presence Explanation)"
}
{
	"timestampISO8601": "2025-05-20T13:03:05.317Z",
	"eventType": "Release",
	"buttonId": "IA_Trigger_Right",
	"controllerId": "Right",
	"durationSeconds": 1.7079094983637333,
	"participantId": "2",
	"sessionId": "20250520_130243",
	"conditionId": "General Tutorial",
	"appState": "General Tutorial (Presence Explanation)"
}
{
	"timestampISO8601": "2025-05-20T13:03:05.317Z",
	"eventType": "Release",
	"buttonId": "RightTrigger",
	"controllerId": "Right",
	"durationSeconds": 1.7079186998307705,
	"participantId": "2",
	"sessionId": "20250520_130243",
	"conditionId": "General Tutorial",
	"appState": "General Tutorial (Presence Explanation)"
}
{
	"timestampISO8601": "2025-05-20T13:03:05.664Z",
	"eventType": "Press",
	"buttonId": "IA_Trigger_Right",
	"controllerId": "Right",
	"durationSeconds": 0,
	"participantId": "2",
	"sessionId": "20250520_130243",
	"conditionId": "General Tutorial",
	"appState": "General Tutorial (Presence Explanation)"
}
{
	"timestampISO8601": "2025-05-20T13:03:05.664Z",
	"eventType": "Press",
	"buttonId": "RightTrigger",
	"controllerId": "Right",
	"durationSeconds": 0,
	"participantId": "2",
	"sessionId": "20250520_130243",
	"conditionId": "General Tutorial",
	"appState": "General Tutorial (Presence Explanation)"
}
{
	"timestampISO8601": "2025-05-20T13:03:05.803Z",
	"eventType": "Release",
	"buttonId": "IA_Trigger_Right",
	"controllerId": "Right",
	"durationSeconds": 0.13872189819812775,
	"participantId": "2",
	"sessionId": "20250520_130243",
	"conditionId": "General Tutorial",
	"appState": "General Tutorial (Presence Explanation)"
}
{
	"timestampISO8601": "2025-05-20T13:03:05.803Z",
	"eventType": "Release",
	"buttonId": "RightTrigger",
	"controllerId": "Right",
	"durationSeconds": 0.13874679803848267,
	"participantId": "2",
	"sessionId": "20250520_130243",
	"conditionId": "General Tutorial",
	"appState": "General Tutorial (Presence Explanation)"
}
{
	"timestampISO8601": "2025-05-20T13:03:07.484Z",
	"eventType": "Press",
	"buttonId": "IA_Trigger_Right",
	"controllerId": "Right",
	"durationSeconds": 0,
	"participantId": "2",
	"sessionId": "20250520_130243",
	"conditionId": "General Tutorial",
	"appState": "General Tutorial (Ending)"
}
{
	"timestampISO8601": "2025-05-20T13:03:07.485Z",
	"eventType": "Press",
	"buttonId": "RightTrigger",
	"controllerId": "Right",
	"durationSeconds": 0,
	"participantId": "2",
	"sessionId": "20250520_130243",
	"conditionId": "General Tutorial",
	"appState": "General Tutorial (Ending)"
}
{
	"timestampISO8601": "2025-05-20T13:03:07.677Z",
	"eventType": "Release",
	"buttonId": "IA_Trigger_Right",
	"controllerId": "Right",
	"durationSeconds": 0.19303829967975616,
	"participantId": "2",
	"sessionId": "20250520_130243",
	"conditionId": "General Tutorial",
	"appState": "General Tutorial (Ending)"
}
{
	"timestampISO8601": "2025-05-20T13:03:07.677Z",
	"eventType": "Release",
	"buttonId": "RightTrigger",
	"controllerId": "Right",
	"durationSeconds": 0.19256439805030823,
	"participantId": "2",
	"sessionId": "20250520_130243",
	"conditionId": "General Tutorial",
	"appState": "General Tutorial (Ending)"
}
{
	"timestampISO8601": "2025-05-20T13:03:09.733Z",
	"eventType": "Press",
	"buttonId": "IA_Trigger_Right",
	"controllerId": "Right",
	"durationSeconds": 0,
	"participantId": "2",
	"sessionId": "20250520_130243",
	"conditionId": "Control Condition",
	"appState": "Briefing Condition"
}
{
	"timestampISO8601": "2025-05-20T13:03:09.733Z",
	"eventType": "Press",
	"buttonId": "RightTrigger",
	"controllerId": "Right",
	"durationSeconds": 0,
	"participantId": "2",
	"sessionId": "20250520_130243",
	"conditionId": "Control Condition",
	"appState": "Briefing Condition"
}
{
	"timestampISO8601": "2025-05-20T13:03:09.900Z",
	"eventType": "Release",
	"buttonId": "IA_Trigger_Right",
	"controllerId": "Right",
	"durationSeconds": 0.16648460179567337,
	"participantId": "2",
	"sessionId": "20250520_130243",
	"conditionId": "Control Condition",
	"appState": "Briefing Condition"
}
{
	"timestampISO8601": "2025-05-20T13:03:09.900Z",
	"eventType": "Release",
	"buttonId": "RightTrigger",
	"controllerId": "Right",
	"durationSeconds": 0.16646520048379898,
	"participantId": "2",
	"sessionId": "20250520_130243",
	"conditionId": "Control Condition",
	"appState": "Briefing Condition"
}
{
	"timestampISO8601": "2025-05-20T13:03:13.622Z",
	"eventType": "Press",
	"buttonId": "IA_Trigger_Right",
	"controllerId": "Right",
	"durationSeconds": 0,
	"participantId": "2",
	"sessionId": "20250520_130243",
	"conditionId": "Control Condition",
	"appState": "Briefing Condition"
}
{
	"timestampISO8601": "2025-05-20T13:03:13.622Z",
	"eventType": "Press",
	"buttonId": "RightTrigger",
	"controllerId": "Right",
	"durationSeconds": 0,
	"participantId": "2",
	"sessionId": "20250520_130243",
	"conditionId": "Control Condition",
	"appState": "Briefing Condition"
}
{
	"timestampISO8601": "2025-05-20T13:03:13.830Z",
	"eventType": "Release",
	"buttonId": "IA_Trigger_Right",
	"controllerId": "Right",
	"durationSeconds": 0.20792040228843689,
	"participantId": "2",
	"sessionId": "20250520_130243",
	"conditionId": "Control Condition",
	"appState": "Briefing Condition"
}
{
	"timestampISO8601": "2025-05-20T13:03:13.830Z",
	"eventType": "Release",
	"buttonId": "RightTrigger",
	"controllerId": "Right",
	"durationSeconds": 0.20790799707174301,
	"participantId": "2",
	"sessionId": "20250520_130243",
	"conditionId": "Control Condition",
	"appState": "Briefing Condition"
}
{
	"timestampISO8601": "2025-05-20T13:03:17.718Z",
	"eventType": "Press",
	"buttonId": "IA_Trigger_Right",
	"controllerId": "Right",
	"durationSeconds": 0,
	"participantId": "2",
	"sessionId": "20250520_130243",
	"conditionId": "Control Condition",
	"appState": "Preparation Phase"
}
{
	"timestampISO8601": "2025-05-20T13:03:17.718Z",
	"eventType": "Press",
	"buttonId": "RightTrigger",
	"controllerId": "Right",
	"durationSeconds": 0,
	"participantId": "2",
	"sessionId": "20250520_130243",
	"conditionId": "Control Condition",
	"appState": "Preparation Phase"
}
{
	"timestampISO8601": "2025-05-20T13:03:17.898Z",
	"eventType": "Release",
	"buttonId": "IA_Trigger_Right",
	"controllerId": "Right",
	"durationSeconds": 0.18052690103650093,
	"participantId": "2",
	"sessionId": "20250520_130243",
	"conditionId": "Control Condition",
	"appState": "Preparation Phase"
}
{
	"timestampISO8601": "2025-05-20T13:03:17.899Z",
	"eventType": "Release",
	"buttonId": "RightTrigger",
	"controllerId": "Right",
	"durationSeconds": 0.18054920062422752,
	"participantId": "2",
	"sessionId": "20250520_130243",
	"conditionId": "Control Condition",
	"appState": "Preparation Phase"
}
{
	"timestampISO8601": "2025-05-20T13:03:19.996Z",
	"eventType": "Press",
	"buttonId": "IA_Trigger_Right",
	"controllerId": "Right",
	"durationSeconds": 0,
	"participantId": "2",
	"sessionId": "20250520_130243",
	"conditionId": "Control Condition",
	"appState": "Preparation Phase"
}
{
	"timestampISO8601": "2025-05-20T13:03:19.996Z",
	"eventType": "Press",
	"buttonId": "RightTrigger",
	"controllerId": "Right",
	"durationSeconds": 0,
	"participantId": "2",
	"sessionId": "20250520_130243",
	"conditionId": "Control Condition",
	"appState": "Preparation Phase"
}
{
	"timestampISO8601": "2025-05-20T13:03:20.204Z",
	"eventType": "Release",
	"buttonId": "IA_Trigger_Right",
	"controllerId": "Right",
	"durationSeconds": 0.20830000191926956,
	"participantId": "2",
	"sessionId": "20250520_130243",
	"conditionId": "Control Condition",
	"appState": "Preparation Phase"
}
{
	"timestampISO8601": "2025-05-20T13:03:20.204Z",
	"eventType": "Release",
	"buttonId": "RightTrigger",
	"controllerId": "Right",
	"durationSeconds": 0.20829350128769875,
	"participantId": "2",
	"sessionId": "20250520_130243",
	"conditionId": "Control Condition",
	"appState": "Preparation Phase"
}
{
	"timestampISO8601": "2025-05-20T13:05:32.438Z",
	"eventType": "Press",
	"buttonId": "IA_Grab_Left",
	"controllerId": "Left",
	"durationSeconds": 0,
	"participantId": "2",
	"sessionId": "20250520_130243",
	"conditionId": "Control Condition",
	"appState": "Running Visualization"
}
{
	"timestampISO8601": "2025-05-20T13:05:32.438Z",
	"eventType": "Press",
	"buttonId": "LeftGrab",
	"controllerId": "Left",
	"durationSeconds": 0,
	"participantId": "2",
	"sessionId": "20250520_130243",
	"conditionId": "Control Condition",
	"appState": "Running Visualization"
}
{
	"timestampISO8601": "2025-05-20T13:05:32.464Z",
	"eventType": "Release",
	"buttonId": "IA_Grab_Left",
	"controllerId": "Left",
	"durationSeconds": 0.027121901512145996,
	"participantId": "2",
	"sessionId": "20250520_130243",
	"conditionId": "Control Condition",
	"appState": "Running Visualization"
}
{
	"timestampISO8601": "2025-05-20T13:05:32.465Z",
	"eventType": "Release",
	"buttonId": "LeftGrab",
	"controllerId": "Left",
	"durationSeconds": 0.027155198156833649,
	"participantId": "2",
	"sessionId": "20250520_130243",
	"conditionId": "Control Condition",
	"appState": "Running Visualization"
}
{
	"timestampISO8601": "2025-05-20T13:05:32.604Z",
	"eventType": "Press",
	"buttonId": "IA_Grab_Left",
	"controllerId": "Left",
	"durationSeconds": 0,
	"participantId": "2",
	"sessionId": "20250520_130243",
	"conditionId": "Control Condition",
	"appState": "Running Visualization"
}
{
	"timestampISO8601": "2025-05-20T13:05:32.604Z",
	"eventType": "Press",
	"buttonId": "LeftGrab",
	"controllerId": "Left",
	"durationSeconds": 0,
	"participantId": "2",
	"sessionId": "20250520_130243",
	"conditionId": "Control Condition",
	"appState": "Running Visualization"
}
{
	"timestampISO8601": "2025-05-20T13:05:32.701Z",
	"eventType": "Release",
	"buttonId": "IA_Grab_Left",
	"controllerId": "Left",
	"durationSeconds": 0.097317099571228027,
	"participantId": "2",
	"sessionId": "20250520_130243",
	"conditionId": "Control Condition",
	"appState": "Running Visualization"
}
{
	"timestampISO8601": "2025-05-20T13:05:32.701Z",
	"eventType": "Release",
	"buttonId": "LeftGrab",
	"controllerId": "Left",
	"durationSeconds": 0.097301799803972244,
	"participantId": "2",
	"sessionId": "20250520_130243",
	"conditionId": "Control Condition",
	"appState": "Running Visualization"
}
{
	"timestampISO8601": "2025-05-20T13:05:33.354Z",
	"eventType": "Press",
	"buttonId": "IA_Grab_Left",
	"controllerId": "Left",
	"durationSeconds": 0,
	"participantId": "2",
	"sessionId": "20250520_130243",
	"conditionId": "Control Condition",
	"appState": "Running Visualization"
}
{
	"timestampISO8601": "2025-05-20T13:05:33.354Z",
	"eventType": "Press",
	"buttonId": "LeftGrab",
	"controllerId": "Left",
	"durationSeconds": 0,
	"participantId": "2",
	"sessionId": "20250520_130243",
	"conditionId": "Control Condition",
	"appState": "Running Visualization"
}
{
	"timestampISO8601": "2025-05-20T13:05:33.494Z",
	"eventType": "Release",
	"buttonId": "IA_Grab_Left",
	"controllerId": "Left",
	"durationSeconds": 0.14013589918613434,
	"participantId": "2",
	"sessionId": "20250520_130243",
	"conditionId": "Control Condition",
	"appState": "Running Visualization"
}
{
	"timestampISO8601": "2025-05-20T13:05:33.495Z",
	"eventType": "Release",
	"buttonId": "LeftGrab",
	"controllerId": "Left",
	"durationSeconds": 0.14050829783082008,
	"participantId": "2",
	"sessionId": "20250520_130243",
	"conditionId": "Control Condition",
	"appState": "Running Visualization"
}
{
	"timestampISO8601": "2025-05-20T13:05:34.466Z",
	"eventType": "Press",
	"buttonId": "IA_Trigger_Left",
	"controllerId": "Left",
	"durationSeconds": 0,
	"participantId": "2",
	"sessionId": "20250520_130243",
	"conditionId": "Control Condition",
	"appState": "Running Visualization"
}
{
	"timestampISO8601": "2025-05-20T13:05:34.466Z",
	"eventType": "Press",
	"buttonId": "LeftTrigger",
	"controllerId": "Left",
	"durationSeconds": 0,
	"participantId": "2",
	"sessionId": "20250520_130243",
	"conditionId": "Control Condition",
	"appState": "Running Visualization"
}
{
	"timestampISO8601": "2025-05-20T13:05:34.562Z",
	"eventType": "Release",
	"buttonId": "IA_Trigger_Left",
	"controllerId": "Left",
	"durationSeconds": 0.095961298793554306,
	"participantId": "2",
	"sessionId": "20250520_130243",
	"conditionId": "Control Condition",
	"appState": "Running Visualization"
}
{
	"timestampISO8601": "2025-05-20T13:05:34.562Z",
	"eventType": "Release",
	"buttonId": "LeftTrigger",
	"controllerId": "Left",
	"durationSeconds": 0.09602930024266243,
	"participantId": "2",
	"sessionId": "20250520_130243",
	"conditionId": "Control Condition",
	"appState": "Running Visualization"
}
{
	"timestampISO8601": "2025-05-20T13:06:20.215Z",
	"eventType": "Press",
	"buttonId": "IA_Trigger_Right",
	"controllerId": "Right",
	"durationSeconds": 0,
	"participantId": "2",
	"sessionId": "20250520_130243",
	"conditionId": "Control Condition",
	"appState": "SAM Evaluation"
}
{
	"timestampISO8601": "2025-05-20T13:06:20.216Z",
	"eventType": "Press",
	"buttonId": "RightTrigger",
	"controllerId": "Right",
	"durationSeconds": 0,
	"participantId": "2",
	"sessionId": "20250520_130243",
	"conditionId": "Control Condition",
	"appState": "SAM Evaluation"
}
{
	"timestampISO8601": "2025-05-20T13:06:21.437Z",
	"eventType": "Release",
	"buttonId": "IA_Trigger_Right",
	"controllerId": "Right",
	"durationSeconds": 1.2219741977751255,
	"participantId": "2",
	"sessionId": "20250520_130243",
	"conditionId": "Control Condition",
	"appState": "SAM Evaluation"
}
{
	"timestampISO8601": "2025-05-20T13:06:21.437Z",
	"eventType": "Release",
	"buttonId": "RightTrigger",
	"controllerId": "Right",
	"durationSeconds": 1.22194479778409,
	"participantId": "2",
	"sessionId": "20250520_130243",
	"conditionId": "Control Condition",
	"appState": "SAM Evaluation"
}
{
	"timestampISO8601": "2025-05-20T13:06:22.076Z",
	"eventType": "Press",
	"buttonId": "IA_Trigger_Right",
	"controllerId": "Right",
	"durationSeconds": 0,
	"participantId": "2",
	"sessionId": "20250520_130243",
	"conditionId": "Control Condition",
	"appState": "SAM Evaluation"
}
{
	"timestampISO8601": "2025-05-20T13:06:22.076Z",
	"eventType": "Press",
	"buttonId": "RightTrigger",
	"controllerId": "Right",
	"durationSeconds": 0,
	"participantId": "2",
	"sessionId": "20250520_130243",
	"conditionId": "Control Condition",
	"appState": "SAM Evaluation"
}
{
	"timestampISO8601": "2025-05-20T13:06:25.201Z",
	"eventType": "Release",
	"buttonId": "IA_Trigger_Right",
	"controllerId": "Right",
	"durationSeconds": 3.1251170001924038,
	"participantId": "2",
	"sessionId": "20250520_130243",
	"conditionId": "Control Condition",
	"appState": "SAM Evaluation"
}
{
	"timestampISO8601": "2025-05-20T13:06:25.201Z",
	"eventType": "Release",
	"buttonId": "RightTrigger",
	"controllerId": "Right",
	"durationSeconds": 3.1251257993280888,
	"participantId": "2",
	"sessionId": "20250520_130243",
	"conditionId": "Control Condition",
	"appState": "SAM Evaluation"
}
{
	"timestampISO8601": "2025-05-20T13:06:27.244Z",
	"eventType": "Press",
	"buttonId": "IA_Trigger_Right",
	"controllerId": "Right",
	"durationSeconds": 0,
	"participantId": "2",
	"sessionId": "20250520_130243",
	"conditionId": "Control Condition",
	"appState": "SAM Evaluation"
}
{
	"timestampISO8601": "2025-05-20T13:06:27.244Z",
	"eventType": "Press",
	"buttonId": "RightTrigger",
	"controllerId": "Right",
	"durationSeconds": 0,
	"participantId": "2",
	"sessionId": "20250520_130243",
	"conditionId": "Control Condition",
	"appState": "SAM Evaluation"
}
{
	"timestampISO8601": "2025-05-20T13:06:32.048Z",
	"eventType": "Release",
	"buttonId": "IA_Trigger_Right",
	"controllerId": "Right",
	"durationSeconds": 4.8050174005329609,
	"participantId": "2",
	"sessionId": "20250520_130243",
	"conditionId": "Control Condition",
	"appState": "SAM Evaluation"
}
{
	"timestampISO8601": "2025-05-20T13:06:32.048Z",
	"eventType": "Release",
	"buttonId": "RightTrigger",
	"controllerId": "Right",
	"durationSeconds": 4.8049561008810997,
	"participantId": "2",
	"sessionId": "20250520_130243",
	"conditionId": "Control Condition",
	"appState": "SAM Evaluation"
}
{
	"timestampISO8601": "2025-05-20T13:06:33.423Z",
	"eventType": "Press",
	"buttonId": "IA_Trigger_Right",
	"controllerId": "Right",
	"durationSeconds": 0,
	"participantId": "2",
	"sessionId": "20250520_130243",
	"conditionId": "Control Condition",
	"appState": "SAM Evaluation"
}
{
	"timestampISO8601": "2025-05-20T13:06:33.424Z",
	"eventType": "Press",
	"buttonId": "RightTrigger",
	"controllerId": "Right",
	"durationSeconds": 0,
	"participantId": "2",
	"sessionId": "20250520_130243",
	"conditionId": "Control Condition",
	"appState": "SAM Evaluation"
}
{
	"timestampISO8601": "2025-05-20T13:06:37.256Z",
	"eventType": "Release",
	"buttonId": "IA_Trigger_Right",
	"controllerId": "Right",
	"durationSeconds": 3.833091601729393,
	"participantId": "2",
	"sessionId": "20250520_130243",
	"conditionId": "Control Condition",
	"appState": "SAM Evaluation"
}
{
	"timestampISO8601": "2025-05-20T13:06:37.257Z",
	"eventType": "Release",
	"buttonId": "RightTrigger",
	"controllerId": "Right",
	"durationSeconds": 3.8331150002777576,
	"participantId": "2",
	"sessionId": "20250520_130243",
	"conditionId": "Control Condition",
	"appState": "SAM Evaluation"
}
{
	"timestampISO8601": "2025-05-20T13:06:39.506Z",
	"eventType": "Press",
	"buttonId": "IA_Trigger_Right",
	"controllerId": "Right",
	"durationSeconds": 0,
	"participantId": "2",
	"sessionId": "20250520_130243",
	"conditionId": "Control Condition",
	"appState": "SAM Evaluation"
}
{
	"timestampISO8601": "2025-05-20T13:06:39.506Z",
	"eventType": "Press",
	"buttonId": "RightTrigger",
	"controllerId": "Right",
	"durationSeconds": 0,
	"participantId": "2",
	"sessionId": "20250520_130243",
	"conditionId": "Control Condition",
	"appState": "SAM Evaluation"
}
{
	"timestampISO8601": "2025-05-20T13:06:39.743Z",
	"eventType": "Release",
	"buttonId": "IA_Trigger_Right",
	"controllerId": "Right",
	"durationSeconds": 0.23588719964027405,
	"participantId": "2",
	"sessionId": "20250520_130243",
	"conditionId": "Control Condition",
	"appState": "SAM Evaluation"
}
{
	"timestampISO8601": "2025-05-20T13:06:39.743Z",
	"eventType": "Release",
	"buttonId": "RightTrigger",
	"controllerId": "Right",
	"durationSeconds": 0.23587530106306076,
	"participantId": "2",
	"sessionId": "20250520_130243",
	"conditionId": "Control Condition",
	"appState": "SAM Evaluation"
}
{
	"timestampISO8601": "2025-05-20T13:06:54.464Z",
	"eventType": "Press",
	"buttonId": "IA_Trigger_Right",
	"controllerId": "Right",
	"durationSeconds": 0,
	"participantId": "2",
	"sessionId": "20250520_130243",
	"conditionId": "Control Condition",
	"appState": "GEMS Evaluation (Part 1)"
}
{
	"timestampISO8601": "2025-05-20T13:06:54.464Z",
	"eventType": "Press",
	"buttonId": "RightTrigger",
	"controllerId": "Right",
	"durationSeconds": 0,
	"participantId": "2",
	"sessionId": "20250520_130243",
	"conditionId": "Control Condition",
	"appState": "GEMS Evaluation (Part 1)"
}
{
	"timestampISO8601": "2025-05-20T13:06:56.977Z",
	"eventType": "Release",
	"buttonId": "IA_Trigger_Right",
	"controllerId": "Right",
	"durationSeconds": 2.5136994011700153,
	"participantId": "2",
	"sessionId": "20250520_130243",
	"conditionId": "Control Condition",
	"appState": "GEMS Evaluation (Part 1)"
}
{
	"timestampISO8601": "2025-05-20T13:06:56.977Z",
	"eventType": "Release",
	"buttonId": "RightTrigger",
	"controllerId": "Right",
	"durationSeconds": 2.5137018002569675,
	"participantId": "2",
	"sessionId": "20250520_130243",
	"conditionId": "Control Condition",
	"appState": "GEMS Evaluation (Part 1)"
}
{
	"timestampISO8601": "2025-05-20T13:07:00.754Z",
	"eventType": "Press",
	"buttonId": "IA_Trigger_Right",
	"controllerId": "Right",
	"durationSeconds": 0,
	"participantId": "2",
	"sessionId": "20250520_130243",
	"conditionId": "Control Condition",
	"appState": "GEMS Evaluation (Part 1)"
}
{
	"timestampISO8601": "2025-05-20T13:07:00.755Z",
	"eventType": "Press",
	"buttonId": "RightTrigger",
	"controllerId": "Right",
	"durationSeconds": 0,
	"participantId": "2",
	"sessionId": "20250520_130243",
	"conditionId": "Control Condition",
	"appState": "GEMS Evaluation (Part 1)"
}
{
	"timestampISO8601": "2025-05-20T13:07:01.563Z",
	"eventType": "Release",
	"buttonId": "IA_Trigger_Right",
	"controllerId": "Right",
	"durationSeconds": 0.80855390056967735,
	"participantId": "2",
	"sessionId": "20250520_130243",
	"conditionId": "Control Condition",
	"appState": "GEMS Evaluation (Part 1)"
}
{
	"timestampISO8601": "2025-05-20T13:07:01.563Z",
	"eventType": "Release",
	"buttonId": "RightTrigger",
	"controllerId": "Right",
	"durationSeconds": 0.80853720009326935,
	"participantId": "2",
	"sessionId": "20250520_130243",
	"conditionId": "Control Condition",
	"appState": "GEMS Evaluation (Part 1)"
}
{
	"timestampISO8601": "2025-05-20T13:07:02.046Z",
	"eventType": "Press",
	"buttonId": "IA_Trigger_Right",
	"controllerId": "Right",
	"durationSeconds": 0,
	"participantId": "2",
	"sessionId": "20250520_130243",
	"conditionId": "Control Condition",
	"appState": "GEMS Evaluation (Part 1)"
}
{
	"timestampISO8601": "2025-05-20T13:07:02.046Z",
	"eventType": "Press",
	"buttonId": "RightTrigger",
	"controllerId": "Right",
	"durationSeconds": 0,
	"participantId": "2",
	"sessionId": "20250520_130243",
	"conditionId": "Control Condition",
	"appState": "GEMS Evaluation (Part 1)"
}
{
	"timestampISO8601": "2025-05-20T13:07:03.158Z",
	"eventType": "Release",
	"buttonId": "IA_Trigger_Right",
	"controllerId": "Right",
	"durationSeconds": 1.1112702004611492,
	"participantId": "2",
	"sessionId": "20250520_130243",
	"conditionId": "Control Condition",
	"appState": "GEMS Evaluation (Part 1)"
}
{
	"timestampISO8601": "2025-05-20T13:07:03.158Z",
	"eventType": "Release",
	"buttonId": "RightTrigger",
	"controllerId": "Right",
	"durationSeconds": 1.1112773008644581,
	"participantId": "2",
	"sessionId": "20250520_130243",
	"conditionId": "Control Condition",
	"appState": "GEMS Evaluation (Part 1)"
}
{
	"timestampISO8601": "2025-05-20T13:07:04.019Z",
	"eventType": "Press",
	"buttonId": "IA_Trigger_Right",
	"controllerId": "Right",
	"durationSeconds": 0,
	"participantId": "2",
	"sessionId": "20250520_130243",
	"conditionId": "Control Condition",
	"appState": "GEMS Evaluation (Part 1)"
}
{
	"timestampISO8601": "2025-05-20T13:07:04.019Z",
	"eventType": "Press",
	"buttonId": "RightTrigger",
	"controllerId": "Right",
	"durationSeconds": 0,
	"participantId": "2",
	"sessionId": "20250520_130243",
	"conditionId": "Control Condition",
	"appState": "GEMS Evaluation (Part 1)"
}
{
	"timestampISO8601": "2025-05-20T13:07:05.575Z",
	"eventType": "Release",
	"buttonId": "IA_Trigger_Right",
	"controllerId": "Right",
	"durationSeconds": 1.5565952993929386,
	"participantId": "2",
	"sessionId": "20250520_130243",
	"conditionId": "Control Condition",
	"appState": "GEMS Evaluation (Part 1)"
}
{
	"timestampISO8601": "2025-05-20T13:07:05.575Z",
	"eventType": "Release",
	"buttonId": "RightTrigger",
	"controllerId": "Right",
	"durationSeconds": 1.5565968006849289,
	"participantId": "2",
	"sessionId": "20250520_130243",
	"conditionId": "Control Condition",
	"appState": "GEMS Evaluation (Part 1)"
}
{
	"timestampISO8601": "2025-05-20T13:07:07.311Z",
	"eventType": "Press",
	"buttonId": "IA_Trigger_Right",
	"controllerId": "Right",
	"durationSeconds": 0,
	"participantId": "2",
	"sessionId": "20250520_130243",
	"conditionId": "Control Condition",
	"appState": "GEMS Evaluation (Part 1)"
}
{
	"timestampISO8601": "2025-05-20T13:07:07.311Z",
	"eventType": "Press",
	"buttonId": "RightTrigger",
	"controllerId": "Right",
	"durationSeconds": 0,
	"participantId": "2",
	"sessionId": "20250520_130243",
	"conditionId": "Control Condition",
	"appState": "GEMS Evaluation (Part 1)"
}
{
	"timestampISO8601": "2025-05-20T13:07:08.407Z",
	"eventType": "Release",
	"buttonId": "IA_Trigger_Right",
	"controllerId": "Right",
	"durationSeconds": 1.0965860970318317,
	"participantId": "2",
	"sessionId": "20250520_130243",
	"conditionId": "Control Condition",
	"appState": "GEMS Evaluation (Part 1)"
}
{
	"timestampISO8601": "2025-05-20T13:07:08.407Z",
	"eventType": "Release",
	"buttonId": "RightTrigger",
	"controllerId": "Right",
	"durationSeconds": 1.0965860970318317,
	"participantId": "2",
	"sessionId": "20250520_130243",
	"conditionId": "Control Condition",
	"appState": "GEMS Evaluation (Part 1)"
}
{
	"timestampISO8601": "2025-05-20T13:07:08.463Z",
	"eventType": "Press",
	"buttonId": "IA_Grab_Right",
	"controllerId": "Right",
	"durationSeconds": 0,
	"participantId": "2",
	"sessionId": "20250520_130243",
	"conditionId": "Control Condition",
	"appState": "GEMS Evaluation (Part 1)"
}
{
	"timestampISO8601": "2025-05-20T13:07:08.463Z",
	"eventType": "Press",
	"buttonId": "RightGrab",
	"controllerId": "Right",
	"durationSeconds": 0,
	"participantId": "2",
	"sessionId": "20250520_130243",
	"conditionId": "Control Condition",
	"appState": "GEMS Evaluation (Part 1)"
}
{
	"timestampISO8601": "2025-05-20T13:07:08.534Z",
	"eventType": "Release",
	"buttonId": "IA_Grab_Right",
	"controllerId": "Right",
	"durationSeconds": 0.070939101278781891,
	"participantId": "2",
	"sessionId": "20250520_130243",
	"conditionId": "Control Condition",
	"appState": "GEMS Evaluation (Part 1)"
}
{
	"timestampISO8601": "2025-05-20T13:07:08.534Z",
	"eventType": "Release",
	"buttonId": "RightGrab",
	"controllerId": "Right",
	"durationSeconds": 0.070948399603366852,
	"participantId": "2",
	"sessionId": "20250520_130243",
	"conditionId": "Control Condition",
	"appState": "GEMS Evaluation (Part 1)"
}
{
	"timestampISO8601": "2025-05-20T13:07:08.949Z",
	"eventType": "Press",
	"buttonId": "IA_Trigger_Right",
	"controllerId": "Right",
	"durationSeconds": 0,
	"participantId": "2",
	"sessionId": "20250520_130243",
	"conditionId": "Control Condition",
	"appState": "GEMS Evaluation (Part 1)"
}
{
	"timestampISO8601": "2025-05-20T13:07:08.949Z",
	"eventType": "Press",
	"buttonId": "RightTrigger",
	"controllerId": "Right",
	"durationSeconds": 0,
	"participantId": "2",
	"sessionId": "20250520_130243",
	"conditionId": "Control Condition",
	"appState": "GEMS Evaluation (Part 1)"
}
{
	"timestampISO8601": "2025-05-20T13:07:10.060Z",
	"eventType": "Release",
	"buttonId": "IA_Trigger_Right",
	"controllerId": "Right",
	"durationSeconds": 1.1110203005373478,
	"participantId": "2",
	"sessionId": "20250520_130243",
	"conditionId": "Control Condition",
	"appState": "GEMS Evaluation (Part 1)"
}
{
	"timestampISO8601": "2025-05-20T13:07:10.060Z",
	"eventType": "Release",
	"buttonId": "RightTrigger",
	"controllerId": "Right",
	"durationSeconds": 1.1110372990369797,
	"participantId": "2",
	"sessionId": "20250520_130243",
	"conditionId": "Control Condition",
	"appState": "GEMS Evaluation (Part 1)"
}
{
	"timestampISO8601": "2025-05-20T13:07:10.866Z",
	"eventType": "Press",
	"buttonId": "IA_Trigger_Right",
	"controllerId": "Right",
	"durationSeconds": 0,
	"participantId": "2",
	"sessionId": "20250520_130243",
	"conditionId": "Control Condition",
	"appState": "GEMS Evaluation (Part 1)"
}
{
	"timestampISO8601": "2025-05-20T13:07:10.866Z",
	"eventType": "Press",
	"buttonId": "RightTrigger",
	"controllerId": "Right",
	"durationSeconds": 0,
	"participantId": "2",
	"sessionId": "20250520_130243",
	"conditionId": "Control Condition",
	"appState": "GEMS Evaluation (Part 1)"
}
{
	"timestampISO8601": "2025-05-20T13:07:11.782Z",
	"eventType": "Release",
	"buttonId": "IA_Trigger_Right",
	"controllerId": "Right",
	"durationSeconds": 0.9165416993200779,
	"participantId": "2",
	"sessionId": "20250520_130243",
	"conditionId": "Control Condition",
	"appState": "GEMS Evaluation (Part 1)"
}
{
	"timestampISO8601": "2025-05-20T13:07:11.782Z",
	"eventType": "Release",
	"buttonId": "RightTrigger",
	"controllerId": "Right",
	"durationSeconds": 0.91654689982533455,
	"participantId": "2",
	"sessionId": "20250520_130243",
	"conditionId": "Control Condition",
	"appState": "GEMS Evaluation (Part 1)"
}
{
	"timestampISO8601": "2025-05-20T13:07:12.533Z",
	"eventType": "Press",
	"buttonId": "IA_Trigger_Right",
	"controllerId": "Right",
	"durationSeconds": 0,
	"participantId": "2",
	"sessionId": "20250520_130243",
	"conditionId": "Control Condition",
	"appState": "GEMS Evaluation (Part 1)"
}
{
	"timestampISO8601": "2025-05-20T13:07:12.534Z",
	"eventType": "Press",
	"buttonId": "RightTrigger",
	"controllerId": "Right",
	"durationSeconds": 0,
	"participantId": "2",
	"sessionId": "20250520_130243",
	"conditionId": "Control Condition",
	"appState": "GEMS Evaluation (Part 1)"
}
{
	"timestampISO8601": "2025-05-20T13:07:13.490Z",
	"eventType": "Release",
	"buttonId": "IA_Trigger_Right",
	"controllerId": "Right",
	"durationSeconds": 0.95691730082035065,
	"participantId": "2",
	"sessionId": "20250520_130243",
	"conditionId": "Control Condition",
	"appState": "GEMS Evaluation (Part 1)"
}
{
	"timestampISO8601": "2025-05-20T13:07:13.491Z",
	"eventType": "Release",
	"buttonId": "RightTrigger",
	"controllerId": "Right",
	"durationSeconds": 0.95694220066070557,
	"participantId": "2",
	"sessionId": "20250520_130243",
	"conditionId": "Control Condition",
	"appState": "GEMS Evaluation (Part 1)"
}
{
	"timestampISO8601": "2025-05-20T13:07:14.393Z",
	"eventType": "Press",
	"buttonId": "IA_Trigger_Right",
	"controllerId": "Right",
	"durationSeconds": 0,
	"participantId": "2",
	"sessionId": "20250520_130243",
	"conditionId": "Control Condition",
	"appState": "GEMS Evaluation (Part 1)"
}
{
	"timestampISO8601": "2025-05-20T13:07:14.393Z",
	"eventType": "Press",
	"buttonId": "RightTrigger",
	"controllerId": "Right",
	"durationSeconds": 0,
	"participantId": "2",
	"sessionId": "20250520_130243",
	"conditionId": "Control Condition",
	"appState": "GEMS Evaluation (Part 1)"
}
{
	"timestampISO8601": "2025-05-20T13:07:15.574Z",
	"eventType": "Release",
	"buttonId": "IA_Trigger_Right",
	"controllerId": "Right",
	"durationSeconds": 1.1810404993593693,
	"participantId": "2",
	"sessionId": "20250520_130243",
	"conditionId": "Control Condition",
	"appState": "GEMS Evaluation (Part 1)"
}
{
	"timestampISO8601": "2025-05-20T13:07:15.575Z",
	"eventType": "Release",
	"buttonId": "RightTrigger",
	"controllerId": "Right",
	"durationSeconds": 1.1810718029737473,
	"participantId": "2",
	"sessionId": "20250520_130243",
	"conditionId": "Control Condition",
	"appState": "GEMS Evaluation (Part 1)"
}
{
	"timestampISO8601": "2025-05-20T13:07:17.226Z",
	"eventType": "Press",
	"buttonId": "IA_Trigger_Right",
	"controllerId": "Right",
	"durationSeconds": 0,
	"participantId": "2",
	"sessionId": "20250520_130243",
	"conditionId": "Control Condition",
	"appState": "GEMS Evaluation (Part 1)"
}
{
	"timestampISO8601": "2025-05-20T13:07:17.227Z",
	"eventType": "Press",
	"buttonId": "RightTrigger",
	"controllerId": "Right",
	"durationSeconds": 0,
	"participantId": "2",
	"sessionId": "20250520_130243",
	"conditionId": "Control Condition",
	"appState": "GEMS Evaluation (Part 1)"
}
{
	"timestampISO8601": "2025-05-20T13:07:18.463Z",
	"eventType": "Release",
	"buttonId": "IA_Trigger_Right",
	"controllerId": "Right",
	"durationSeconds": 1.2360174022614956,
	"participantId": "2",
	"sessionId": "20250520_130243",
	"conditionId": "Control Condition",
	"appState": "GEMS Evaluation (Part 1)"
}
{
	"timestampISO8601": "2025-05-20T13:07:18.463Z",
	"eventType": "Release",
	"buttonId": "RightTrigger",
	"controllerId": "Right",
	"durationSeconds": 1.235987700521946,
	"participantId": "2",
	"sessionId": "20250520_130243",
	"conditionId": "Control Condition",
	"appState": "GEMS Evaluation (Part 1)"
}
{
	"timestampISO8601": "2025-05-20T13:07:19.520Z",
	"eventType": "Press",
	"buttonId": "IA_Trigger_Right",
	"controllerId": "Right",
	"durationSeconds": 0,
	"participantId": "2",
	"sessionId": "20250520_130243",
	"conditionId": "Control Condition",
	"appState": "GEMS Evaluation (Part 1)"
}
{
	"timestampISO8601": "2025-05-20T13:07:19.520Z",
	"eventType": "Press",
	"buttonId": "RightTrigger",
	"controllerId": "Right",
	"durationSeconds": 0,
	"participantId": "2",
	"sessionId": "20250520_130243",
	"conditionId": "Control Condition",
	"appState": "GEMS Evaluation (Part 1)"
}
{
	"timestampISO8601": "2025-05-20T13:07:20.561Z",
	"eventType": "Release",
	"buttonId": "IA_Trigger_Right",
	"controllerId": "Right",
	"durationSeconds": 1.0412069968879223,
	"participantId": "2",
	"sessionId": "20250520_130243",
	"conditionId": "Control Condition",
	"appState": "GEMS Evaluation (Part 1)"
}
{
	"timestampISO8601": "2025-05-20T13:07:20.561Z",
	"eventType": "Release",
	"buttonId": "RightTrigger",
	"controllerId": "Right",
	"durationSeconds": 1.0411923006176949,
	"participantId": "2",
	"sessionId": "20250520_130243",
	"conditionId": "Control Condition",
	"appState": "GEMS Evaluation (Part 1)"
}
{
	"timestampISO8601": "2025-05-20T13:07:21.268Z",
	"eventType": "Press",
	"buttonId": "IA_Trigger_Right",
	"controllerId": "Right",
	"durationSeconds": 0,
	"participantId": "2",
	"sessionId": "20250520_130243",
	"conditionId": "Control Condition",
	"appState": "GEMS Evaluation (Part 1)"
}
{
	"timestampISO8601": "2025-05-20T13:07:21.268Z",
	"eventType": "Press",
	"buttonId": "RightTrigger",
	"controllerId": "Right",
	"durationSeconds": 0,
	"participantId": "2",
	"sessionId": "20250520_130243",
	"conditionId": "Control Condition",
	"appState": "GEMS Evaluation (Part 1)"
}
{
	"timestampISO8601": "2025-05-20T13:07:22.074Z",
	"eventType": "Release",
	"buttonId": "IA_Trigger_Right",
	"controllerId": "Right",
	"durationSeconds": 0.80512690171599388,
	"participantId": "2",
	"sessionId": "20250520_130243",
	"conditionId": "Control Condition",
	"appState": "GEMS Evaluation (Part 1)"
}
{
	"timestampISO8601": "2025-05-20T13:07:22.074Z",
	"eventType": "Release",
	"buttonId": "RightTrigger",
	"controllerId": "Right",
	"durationSeconds": 0.80512309819459915,
	"participantId": "2",
	"sessionId": "20250520_130243",
	"conditionId": "Control Condition",
	"appState": "GEMS Evaluation (Part 1)"
}
{
	"timestampISO8601": "2025-05-20T13:07:27.520Z",
	"eventType": "Press",
	"buttonId": "IA_Trigger_Right",
	"controllerId": "Right",
	"durationSeconds": 0,
	"participantId": "2",
	"sessionId": "20250520_130243",
	"conditionId": "Control Condition",
	"appState": "GEMS Evaluation (Part 1)"
}
{
	"timestampISO8601": "2025-05-20T13:07:27.520Z",
	"eventType": "Press",
	"buttonId": "RightTrigger",
	"controllerId": "Right",
	"durationSeconds": 0,
	"participantId": "2",
	"sessionId": "20250520_130243",
	"conditionId": "Control Condition",
	"appState": "GEMS Evaluation (Part 1)"
}
{
	"timestampISO8601": "2025-05-20T13:07:29.074Z",
	"eventType": "Release",
	"buttonId": "IA_Trigger_Right",
	"controllerId": "Right",
	"durationSeconds": 1.5535976998507977,
	"participantId": "2",
	"sessionId": "20250520_130243",
	"conditionId": "Control Condition",
	"appState": "GEMS Evaluation (Part 1)"
}
{
	"timestampISO8601": "2025-05-20T13:07:29.074Z",
	"eventType": "Release",
	"buttonId": "RightTrigger",
	"controllerId": "Right",
	"durationSeconds": 1.5536006987094879,
	"participantId": "2",
	"sessionId": "20250520_130243",
	"conditionId": "Control Condition",
	"appState": "GEMS Evaluation (Part 1)"
}
{
	"timestampISO8601": "2025-05-20T13:07:29.796Z",
	"eventType": "Press",
	"buttonId": "IA_Trigger_Right",
	"controllerId": "Right",
	"durationSeconds": 0,
	"participantId": "2",
	"sessionId": "20250520_130243",
	"conditionId": "Control Condition",
	"appState": "GEMS Evaluation (Part 1)"
}
{
	"timestampISO8601": "2025-05-20T13:07:29.796Z",
	"eventType": "Press",
	"buttonId": "RightTrigger",
	"controllerId": "Right",
	"durationSeconds": 0,
	"participantId": "2",
	"sessionId": "20250520_130243",
	"conditionId": "Control Condition",
	"appState": "GEMS Evaluation (Part 1)"
}
{
	"timestampISO8601": "2025-05-20T13:07:30.920Z",
	"eventType": "Release",
	"buttonId": "IA_Trigger_Right",
	"controllerId": "Right",
	"durationSeconds": 1.1243841983377934,
	"participantId": "2",
	"sessionId": "20250520_130243",
	"conditionId": "Control Condition",
	"appState": "GEMS Evaluation (Part 1)"
}
{
	"timestampISO8601": "2025-05-20T13:07:30.921Z",
	"eventType": "Release",
	"buttonId": "RightTrigger",
	"controllerId": "Right",
	"durationSeconds": 1.1243975013494492,
	"participantId": "2",
	"sessionId": "20250520_130243",
	"conditionId": "Control Condition",
	"appState": "GEMS Evaluation (Part 1)"
}
{
	"timestampISO8601": "2025-05-20T13:07:31.948Z",
	"eventType": "Press",
	"buttonId": "IA_Trigger_Right",
	"controllerId": "Right",
	"durationSeconds": 0,
	"participantId": "2",
	"sessionId": "20250520_130243",
	"conditionId": "Control Condition",
	"appState": "GEMS Evaluation (Part 1)"
}
{
	"timestampISO8601": "2025-05-20T13:07:31.948Z",
	"eventType": "Press",
	"buttonId": "RightTrigger",
	"controllerId": "Right",
	"durationSeconds": 0,
	"participantId": "2",
	"sessionId": "20250520_130243",
	"conditionId": "Control Condition",
	"appState": "GEMS Evaluation (Part 1)"
}
{
	"timestampISO8601": "2025-05-20T13:07:33.046Z",
	"eventType": "Release",
	"buttonId": "IA_Trigger_Right",
	"controllerId": "Right",
	"durationSeconds": 1.0971858985722065,
	"participantId": "2",
	"sessionId": "20250520_130243",
	"conditionId": "Control Condition",
	"appState": "GEMS Evaluation (Part 1)"
}
{
	"timestampISO8601": "2025-05-20T13:07:33.046Z",
	"eventType": "Release",
	"buttonId": "RightTrigger",
	"controllerId": "Right",
	"durationSeconds": 1.0971866995096207,
	"participantId": "2",
	"sessionId": "20250520_130243",
	"conditionId": "Control Condition",
	"appState": "GEMS Evaluation (Part 1)"
}
{
	"timestampISO8601": "2025-05-20T13:07:36.018Z",
	"eventType": "Press",
	"buttonId": "IA_Trigger_Right",
	"controllerId": "Right",
	"durationSeconds": 0,
	"participantId": "2",
	"sessionId": "20250520_130243",
	"conditionId": "Control Condition",
	"appState": "GEMS Evaluation (Part 1)"
}
{
	"timestampISO8601": "2025-05-20T13:07:36.018Z",
	"eventType": "Press",
	"buttonId": "RightTrigger",
	"controllerId": "Right",
	"durationSeconds": 0,
	"participantId": "2",
	"sessionId": "20250520_130243",
	"conditionId": "Control Condition",
	"appState": "GEMS Evaluation (Part 1)"
}
{
	"timestampISO8601": "2025-05-20T13:07:36.990Z",
	"eventType": "Release",
	"buttonId": "IA_Trigger_Right",
	"controllerId": "Right",
	"durationSeconds": 0.97238170355558395,
	"participantId": "2",
	"sessionId": "20250520_130243",
	"conditionId": "Control Condition",
	"appState": "GEMS Evaluation (Part 1)"
}
{
	"timestampISO8601": "2025-05-20T13:07:36.991Z",
	"eventType": "Release",
	"buttonId": "RightTrigger",
	"controllerId": "Right",
	"durationSeconds": 0.97237090021371841,
	"participantId": "2",
	"sessionId": "20250520_130243",
	"conditionId": "Control Condition",
	"appState": "GEMS Evaluation (Part 1)"
}
{
	"timestampISO8601": "2025-05-20T13:07:37.795Z",
	"eventType": "Press",
	"buttonId": "IA_Trigger_Right",
	"controllerId": "Right",
	"durationSeconds": 0,
	"participantId": "2",
	"sessionId": "20250520_130243",
	"conditionId": "Control Condition",
	"appState": "GEMS Evaluation (Part 1)"
}
{
	"timestampISO8601": "2025-05-20T13:07:37.795Z",
	"eventType": "Press",
	"buttonId": "RightTrigger",
	"controllerId": "Right",
	"durationSeconds": 0,
	"participantId": "2",
	"sessionId": "20250520_130243",
	"conditionId": "Control Condition",
	"appState": "GEMS Evaluation (Part 1)"
}
{
	"timestampISO8601": "2025-05-20T13:07:39.046Z",
	"eventType": "Release",
	"buttonId": "IA_Trigger_Right",
	"controllerId": "Right",
	"durationSeconds": 1.2500340007245541,
	"participantId": "2",
	"sessionId": "20250520_130243",
	"conditionId": "Control Condition",
	"appState": "GEMS Evaluation (Part 1)"
}
{
	"timestampISO8601": "2025-05-20T13:07:39.046Z",
	"eventType": "Release",
	"buttonId": "RightTrigger",
	"controllerId": "Right",
	"durationSeconds": 1.2500302977859974,
	"participantId": "2",
	"sessionId": "20250520_130243",
	"conditionId": "Control Condition",
	"appState": "GEMS Evaluation (Part 1)"
}
{
	"timestampISO8601": "2025-05-20T13:07:52.906Z",
	"eventType": "Press",
	"buttonId": "IA_Trigger_Right",
	"controllerId": "Right",
	"durationSeconds": 0,
	"participantId": "2",
	"sessionId": "20250520_130243",
	"conditionId": "Control Condition",
	"appState": "GEMS Evaluation (Part 1)"
}
{
	"timestampISO8601": "2025-05-20T13:07:52.906Z",
	"eventType": "Press",
	"buttonId": "RightTrigger",
	"controllerId": "Right",
	"durationSeconds": 0,
	"participantId": "2",
	"sessionId": "20250520_130243",
	"conditionId": "Control Condition",
	"appState": "GEMS Evaluation (Part 1)"
}
{
	"timestampISO8601": "2025-05-20T13:07:53.920Z",
	"eventType": "Release",
	"buttonId": "IA_Trigger_Right",
	"controllerId": "Right",
	"durationSeconds": 1.0137417018413544,
	"participantId": "2",
	"sessionId": "20250520_130243",
	"conditionId": "Control Condition",
	"appState": "GEMS Evaluation (Part 1)"
}
{
	"timestampISO8601": "2025-05-20T13:07:53.920Z",
	"eventType": "Release",
	"buttonId": "RightTrigger",
	"controllerId": "Right",
	"durationSeconds": 1.0136743970215321,
	"participantId": "2",
	"sessionId": "20250520_130243",
	"conditionId": "Control Condition",
	"appState": "GEMS Evaluation (Part 1)"
}
{
	"timestampISO8601": "2025-05-20T13:08:08.198Z",
	"eventType": "Press",
	"buttonId": "IA_Trigger_Right",
	"controllerId": "Right",
	"durationSeconds": 0,
	"participantId": "2",
	"sessionId": "20250520_130243",
	"conditionId": "Control Condition",
	"appState": "GEMS Evaluation (Part 1)"
}
{
	"timestampISO8601": "2025-05-20T13:08:08.198Z",
	"eventType": "Press",
	"buttonId": "RightTrigger",
	"controllerId": "Right",
	"durationSeconds": 0,
	"participantId": "2",
	"sessionId": "20250520_130243",
	"conditionId": "Control Condition",
	"appState": "GEMS Evaluation (Part 1)"
}
{
	"timestampISO8601": "2025-05-20T13:08:08.392Z",
	"eventType": "Release",
	"buttonId": "IA_Trigger_Right",
	"controllerId": "Right",
	"durationSeconds": 0.19437940046191216,
	"participantId": "2",
	"sessionId": "20250520_130243",
	"conditionId": "Control Condition",
	"appState": "GEMS Evaluation (Part 1)"
}
{
	"timestampISO8601": "2025-05-20T13:08:08.392Z",
	"eventType": "Release",
	"buttonId": "RightTrigger",
	"controllerId": "Right",
	"durationSeconds": 0.19436720013618469,
	"participantId": "2",
	"sessionId": "20250520_130243",
	"conditionId": "Control Condition",
	"appState": "GEMS Evaluation (Part 1)"
}
{
	"timestampISO8601": "2025-05-20T13:08:11.947Z",
	"eventType": "Press",
	"buttonId": "IA_Trigger_Right",
	"controllerId": "Right",
	"durationSeconds": 0,
	"participantId": "2",
	"sessionId": "20250520_130243",
	"conditionId": "Control Condition",
	"appState": "GEMS Evaluation (Part 2)"
}
{
	"timestampISO8601": "2025-05-20T13:08:11.947Z",
	"eventType": "Press",
	"buttonId": "RightTrigger",
	"controllerId": "Right",
	"durationSeconds": 0,
	"participantId": "2",
	"sessionId": "20250520_130243",
	"conditionId": "Control Condition",
	"appState": "GEMS Evaluation (Part 2)"
}
{
	"timestampISO8601": "2025-05-20T13:08:14.211Z",
	"eventType": "Release",
	"buttonId": "IA_Trigger_Right",
	"controllerId": "Right",
	"durationSeconds": 2.2637503035366535,
	"participantId": "2",
	"sessionId": "20250520_130243",
	"conditionId": "Control Condition",
	"appState": "GEMS Evaluation (Part 2)"
}
{
	"timestampISO8601": "2025-05-20T13:08:14.211Z",
	"eventType": "Release",
	"buttonId": "RightTrigger",
	"controllerId": "Right",
	"durationSeconds": 2.2637731023132801,
	"participantId": "2",
	"sessionId": "20250520_130243",
	"conditionId": "Control Condition",
	"appState": "GEMS Evaluation (Part 2)"
}
{
	"timestampISO8601": "2025-05-20T13:08:15.697Z",
	"eventType": "Press",
	"buttonId": "IA_Trigger_Right",
	"controllerId": "Right",
	"durationSeconds": 0,
	"participantId": "2",
	"sessionId": "20250520_130243",
	"conditionId": "Control Condition",
	"appState": "GEMS Evaluation (Part 2)"
}
{
	"timestampISO8601": "2025-05-20T13:08:15.698Z",
	"eventType": "Press",
	"buttonId": "RightTrigger",
	"controllerId": "Right",
	"durationSeconds": 0,
	"participantId": "2",
	"sessionId": "20250520_130243",
	"conditionId": "Control Condition",
	"appState": "GEMS Evaluation (Part 2)"
}
{
	"timestampISO8601": "2025-05-20T13:08:16.906Z",
	"eventType": "Release",
	"buttonId": "IA_Trigger_Right",
	"controllerId": "Right",
	"durationSeconds": 1.2082412019371986,
	"participantId": "2",
	"sessionId": "20250520_130243",
	"conditionId": "Control Condition",
	"appState": "GEMS Evaluation (Part 2)"
}
{
	"timestampISO8601": "2025-05-20T13:08:16.906Z",
	"eventType": "Release",
	"buttonId": "RightTrigger",
	"controllerId": "Right",
	"durationSeconds": 1.2082507014274597,
	"participantId": "2",
	"sessionId": "20250520_130243",
	"conditionId": "Control Condition",
	"appState": "GEMS Evaluation (Part 2)"
}
{
	"timestampISO8601": "2025-05-20T13:08:17.406Z",
	"eventType": "Press",
	"buttonId": "IA_Trigger_Right",
	"controllerId": "Right",
	"durationSeconds": 0,
	"participantId": "2",
	"sessionId": "20250520_130243",
	"conditionId": "Control Condition",
	"appState": "GEMS Evaluation (Part 2)"
}
{
	"timestampISO8601": "2025-05-20T13:08:17.406Z",
	"eventType": "Press",
	"buttonId": "RightTrigger",
	"controllerId": "Right",
	"durationSeconds": 0,
	"participantId": "2",
	"sessionId": "20250520_130243",
	"conditionId": "Control Condition",
	"appState": "GEMS Evaluation (Part 2)"
}
{
	"timestampISO8601": "2025-05-20T13:08:18.433Z",
	"eventType": "Release",
	"buttonId": "IA_Trigger_Right",
	"controllerId": "Right",
	"durationSeconds": 1.0277377031743526,
	"participantId": "2",
	"sessionId": "20250520_130243",
	"conditionId": "Control Condition",
	"appState": "GEMS Evaluation (Part 2)"
}
{
	"timestampISO8601": "2025-05-20T13:08:18.433Z",
	"eventType": "Release",
	"buttonId": "RightTrigger",
	"controllerId": "Right",
	"durationSeconds": 1.0277478992938995,
	"participantId": "2",
	"sessionId": "20250520_130243",
	"conditionId": "Control Condition",
	"appState": "GEMS Evaluation (Part 2)"
}
{
	"timestampISO8601": "2025-05-20T13:08:18.503Z",
	"eventType": "Press",
	"buttonId": "IA_Trigger_Right",
	"controllerId": "Right",
	"durationSeconds": 0,
	"participantId": "2",
	"sessionId": "20250520_130243",
	"conditionId": "Control Condition",
	"appState": "GEMS Evaluation (Part 2)"
}
{
	"timestampISO8601": "2025-05-20T13:08:18.503Z",
	"eventType": "Press",
	"buttonId": "RightTrigger",
	"controllerId": "Right",
	"durationSeconds": 0,
	"participantId": "2",
	"sessionId": "20250520_130243",
	"conditionId": "Control Condition",
	"appState": "GEMS Evaluation (Part 2)"
}
{
	"timestampISO8601": "2025-05-20T13:08:18.670Z",
	"eventType": "Release",
	"buttonId": "IA_Trigger_Right",
	"controllerId": "Right",
	"durationSeconds": 0.16675209999084473,
	"participantId": "2",
	"sessionId": "20250520_130243",
	"conditionId": "Control Condition",
	"appState": "GEMS Evaluation (Part 2)"
}
{
	"timestampISO8601": "2025-05-20T13:08:18.670Z",
	"eventType": "Release",
	"buttonId": "RightTrigger",
	"controllerId": "Right",
	"durationSeconds": 0.1667432002723217,
	"participantId": "2",
	"sessionId": "20250520_130243",
	"conditionId": "Control Condition",
	"appState": "GEMS Evaluation (Part 2)"
}
{
	"timestampISO8601": "2025-05-20T13:08:19.405Z",
	"eventType": "Press",
	"buttonId": "IA_Trigger_Right",
	"controllerId": "Right",
	"durationSeconds": 0,
	"participantId": "2",
	"sessionId": "20250520_130243",
	"conditionId": "Control Condition",
	"appState": "GEMS Evaluation (Part 2)"
}
{
	"timestampISO8601": "2025-05-20T13:08:19.405Z",
	"eventType": "Press",
	"buttonId": "RightTrigger",
	"controllerId": "Right",
	"durationSeconds": 0,
	"participantId": "2",
	"sessionId": "20250520_130243",
	"conditionId": "Control Condition",
	"appState": "GEMS Evaluation (Part 2)"
}
{
	"timestampISO8601": "2025-05-20T13:08:20.919Z",
	"eventType": "Release",
	"buttonId": "IA_Trigger_Right",
	"controllerId": "Right",
	"durationSeconds": 1.5136036984622478,
	"participantId": "2",
	"sessionId": "20250520_130243",
	"conditionId": "Control Condition",
	"appState": "GEMS Evaluation (Part 2)"
}
{
	"timestampISO8601": "2025-05-20T13:08:20.919Z",
	"eventType": "Release",
	"buttonId": "RightTrigger",
	"controllerId": "Right",
	"durationSeconds": 1.5135889984667301,
	"participantId": "2",
	"sessionId": "20250520_130243",
	"conditionId": "Control Condition",
	"appState": "GEMS Evaluation (Part 2)"
}
{
	"timestampISO8601": "2025-05-20T13:08:22.364Z",
	"eventType": "Press",
	"buttonId": "IA_Trigger_Right",
	"controllerId": "Right",
	"durationSeconds": 0,
	"participantId": "2",
	"sessionId": "20250520_130243",
	"conditionId": "Control Condition",
	"appState": "GEMS Evaluation (Part 2)"
}
{
	"timestampISO8601": "2025-05-20T13:08:22.364Z",
	"eventType": "Press",
	"buttonId": "RightTrigger",
	"controllerId": "Right",
	"durationSeconds": 0,
	"participantId": "2",
	"sessionId": "20250520_130243",
	"conditionId": "Control Condition",
	"appState": "GEMS Evaluation (Part 2)"
}
{
	"timestampISO8601": "2025-05-20T13:08:24.378Z",
	"eventType": "Release",
	"buttonId": "IA_Trigger_Right",
	"controllerId": "Right",
	"durationSeconds": 2.0138548985123634,
	"participantId": "2",
	"sessionId": "20250520_130243",
	"conditionId": "Control Condition",
	"appState": "GEMS Evaluation (Part 2)"
}
{
	"timestampISO8601": "2025-05-20T13:08:24.378Z",
	"eventType": "Release",
	"buttonId": "RightTrigger",
	"controllerId": "Right",
	"durationSeconds": 2.0138669982552528,
	"participantId": "2",
	"sessionId": "20250520_130243",
	"conditionId": "Control Condition",
	"appState": "GEMS Evaluation (Part 2)"
}
{
	"timestampISO8601": "2025-05-20T13:08:28.905Z",
	"eventType": "Press",
	"buttonId": "IA_Trigger_Right",
	"controllerId": "Right",
	"durationSeconds": 0,
	"participantId": "2",
	"sessionId": "20250520_130243",
	"conditionId": "Control Condition",
	"appState": "GEMS Evaluation (Part 2)"
}
{
	"timestampISO8601": "2025-05-20T13:08:28.905Z",
	"eventType": "Press",
	"buttonId": "RightTrigger",
	"controllerId": "Right",
	"durationSeconds": 0,
	"participantId": "2",
	"sessionId": "20250520_130243",
	"conditionId": "Control Condition",
	"appState": "GEMS Evaluation (Part 2)"
}
{
	"timestampISO8601": "2025-05-20T13:08:29.960Z",
	"eventType": "Release",
	"buttonId": "IA_Trigger_Right",
	"controllerId": "Right",
	"durationSeconds": 1.0553989969193935,
	"participantId": "2",
	"sessionId": "20250520_130243",
	"conditionId": "Control Condition",
	"appState": "GEMS Evaluation (Part 2)"
}
{
	"timestampISO8601": "2025-05-20T13:08:29.961Z",
	"eventType": "Release",
	"buttonId": "RightTrigger",
	"controllerId": "Right",
	"durationSeconds": 1.055426299571991,
	"participantId": "2",
	"sessionId": "20250520_130243",
	"conditionId": "Control Condition",
	"appState": "GEMS Evaluation (Part 2)"
}
{
	"timestampISO8601": "2025-05-20T13:08:32.099Z",
	"eventType": "Press",
	"buttonId": "IA_Trigger_Right",
	"controllerId": "Right",
	"durationSeconds": 0,
	"participantId": "2",
	"sessionId": "20250520_130243",
	"conditionId": "Control Condition",
	"appState": "GEMS Evaluation (Part 2)"
}
{
	"timestampISO8601": "2025-05-20T13:08:32.100Z",
	"eventType": "Press",
	"buttonId": "RightTrigger",
	"controllerId": "Right",
	"durationSeconds": 0,
	"participantId": "2",
	"sessionId": "20250520_130243",
	"conditionId": "Control Condition",
	"appState": "GEMS Evaluation (Part 2)"
}
{
	"timestampISO8601": "2025-05-20T13:08:34.057Z",
	"eventType": "Release",
	"buttonId": "IA_Trigger_Right",
	"controllerId": "Right",
	"durationSeconds": 1.9578478001058102,
	"participantId": "2",
	"sessionId": "20250520_130243",
	"conditionId": "Control Condition",
	"appState": "GEMS Evaluation (Part 2)"
}
{
	"timestampISO8601": "2025-05-20T13:08:34.057Z",
	"eventType": "Release",
	"buttonId": "RightTrigger",
	"controllerId": "Right",
	"durationSeconds": 1.9578489996492863,
	"participantId": "2",
	"sessionId": "20250520_130243",
	"conditionId": "Control Condition",
	"appState": "GEMS Evaluation (Part 2)"
}
{
	"timestampISO8601": "2025-05-20T13:08:35.432Z",
	"eventType": "Press",
	"buttonId": "IA_Trigger_Right",
	"controllerId": "Right",
	"durationSeconds": 0,
	"participantId": "2",
	"sessionId": "20250520_130243",
	"conditionId": "Control Condition",
	"appState": "GEMS Evaluation (Part 2)"
}
{
	"timestampISO8601": "2025-05-20T13:08:35.433Z",
	"eventType": "Press",
	"buttonId": "RightTrigger",
	"controllerId": "Right",
	"durationSeconds": 0,
	"participantId": "2",
	"sessionId": "20250520_130243",
	"conditionId": "Control Condition",
	"appState": "GEMS Evaluation (Part 2)"
}
{
	"timestampISO8601": "2025-05-20T13:08:37.474Z",
	"eventType": "Release",
	"buttonId": "IA_Trigger_Right",
	"controllerId": "Right",
	"durationSeconds": 2.0414206981658936,
	"participantId": "2",
	"sessionId": "20250520_130243",
	"conditionId": "Control Condition",
	"appState": "GEMS Evaluation (Part 2)"
}
{
	"timestampISO8601": "2025-05-20T13:08:37.474Z",
	"eventType": "Release",
	"buttonId": "RightTrigger",
	"controllerId": "Right",
	"durationSeconds": 2.0414098016917706,
	"participantId": "2",
	"sessionId": "20250520_130243",
	"conditionId": "Control Condition",
	"appState": "GEMS Evaluation (Part 2)"
}
{
	"timestampISO8601": "2025-05-20T13:08:38.099Z",
	"eventType": "Press",
	"buttonId": "IA_Trigger_Right",
	"controllerId": "Right",
	"durationSeconds": 0,
	"participantId": "2",
	"sessionId": "20250520_130243",
	"conditionId": "Control Condition",
	"appState": "GEMS Evaluation (Part 2)"
}
{
	"timestampISO8601": "2025-05-20T13:08:38.099Z",
	"eventType": "Press",
	"buttonId": "RightTrigger",
	"controllerId": "Right",
	"durationSeconds": 0,
	"participantId": "2",
	"sessionId": "20250520_130243",
	"conditionId": "Control Condition",
	"appState": "GEMS Evaluation (Part 2)"
}
{
	"timestampISO8601": "2025-05-20T13:08:39.946Z",
	"eventType": "Release",
	"buttonId": "IA_Trigger_Right",
	"controllerId": "Right",
	"durationSeconds": 1.8469623997807503,
	"participantId": "2",
	"sessionId": "20250520_130243",
	"conditionId": "Control Condition",
	"appState": "GEMS Evaluation (Part 2)"
}
{
	"timestampISO8601": "2025-05-20T13:08:39.947Z",
	"eventType": "Release",
	"buttonId": "RightTrigger",
	"controllerId": "Right",
	"durationSeconds": 1.8469703979790211,
	"participantId": "2",
	"sessionId": "20250520_130243",
	"conditionId": "Control Condition",
	"appState": "GEMS Evaluation (Part 2)"
}
{
	"timestampISO8601": "2025-05-20T13:08:41.654Z",
	"eventType": "Press",
	"buttonId": "IA_Trigger_Right",
	"controllerId": "Right",
	"durationSeconds": 0,
	"participantId": "2",
	"sessionId": "20250520_130243",
	"conditionId": "Control Condition",
	"appState": "GEMS Evaluation (Part 2)"
}
{
	"timestampISO8601": "2025-05-20T13:08:41.655Z",
	"eventType": "Press",
	"buttonId": "RightTrigger",
	"controllerId": "Right",
	"durationSeconds": 0,
	"participantId": "2",
	"sessionId": "20250520_130243",
	"conditionId": "Control Condition",
	"appState": "GEMS Evaluation (Part 2)"
}
{
	"timestampISO8601": "2025-05-20T13:08:43.029Z",
	"eventType": "Release",
	"buttonId": "IA_Trigger_Right",
	"controllerId": "Right",
	"durationSeconds": 1.3748848997056484,
	"participantId": "2",
	"sessionId": "20250520_130243",
	"conditionId": "Control Condition",
	"appState": "GEMS Evaluation (Part 2)"
}
{
	"timestampISO8601": "2025-05-20T13:08:43.030Z",
	"eventType": "Release",
	"buttonId": "RightTrigger",
	"controllerId": "Right",
	"durationSeconds": 1.374862901866436,
	"participantId": "2",
	"sessionId": "20250520_130243",
	"conditionId": "Control Condition",
	"appState": "GEMS Evaluation (Part 2)"
}
{
	"timestampISO8601": "2025-05-20T13:08:43.752Z",
	"eventType": "Press",
	"buttonId": "IA_Trigger_Right",
	"controllerId": "Right",
	"durationSeconds": 0,
	"participantId": "2",
	"sessionId": "20250520_130243",
	"conditionId": "Control Condition",
	"appState": "GEMS Evaluation (Part 2)"
}
{
	"timestampISO8601": "2025-05-20T13:08:43.752Z",
	"eventType": "Press",
	"buttonId": "RightTrigger",
	"controllerId": "Right",
	"durationSeconds": 0,
	"participantId": "2",
	"sessionId": "20250520_130243",
	"conditionId": "Control Condition",
	"appState": "GEMS Evaluation (Part 2)"
}
{
	"timestampISO8601": "2025-05-20T13:08:44.960Z",
	"eventType": "Release",
	"buttonId": "IA_Trigger_Right",
	"controllerId": "Right",
	"durationSeconds": 1.208371102809906,
	"participantId": "2",
	"sessionId": "20250520_130243",
	"conditionId": "Control Condition",
	"appState": "GEMS Evaluation (Part 2)"
}
{
	"timestampISO8601": "2025-05-20T13:08:44.960Z",
	"eventType": "Release",
	"buttonId": "RightTrigger",
	"controllerId": "Right",
	"durationSeconds": 1.2083679996430874,
	"participantId": "2",
	"sessionId": "20250520_130243",
	"conditionId": "Control Condition",
	"appState": "GEMS Evaluation (Part 2)"
}
{
	"timestampISO8601": "2025-05-20T13:08:45.988Z",
	"eventType": "Press",
	"buttonId": "IA_Trigger_Right",
	"controllerId": "Right",
	"durationSeconds": 0,
	"participantId": "2",
	"sessionId": "20250520_130243",
	"conditionId": "Control Condition",
	"appState": "GEMS Evaluation (Part 2)"
}
{
	"timestampISO8601": "2025-05-20T13:08:45.988Z",
	"eventType": "Press",
	"buttonId": "RightTrigger",
	"controllerId": "Right",
	"durationSeconds": 0,
	"participantId": "2",
	"sessionId": "20250520_130243",
	"conditionId": "Control Condition",
	"appState": "GEMS Evaluation (Part 2)"
}
{
	"timestampISO8601": "2025-05-20T13:08:47.266Z",
	"eventType": "Release",
	"buttonId": "IA_Trigger_Right",
	"controllerId": "Right",
	"durationSeconds": 1.2777775004506111,
	"participantId": "2",
	"sessionId": "20250520_130243",
	"conditionId": "Control Condition",
	"appState": "GEMS Evaluation (Part 2)"
}
{
	"timestampISO8601": "2025-05-20T13:08:47.266Z",
	"eventType": "Release",
	"buttonId": "RightTrigger",
	"controllerId": "Right",
	"durationSeconds": 1.2777995020151138,
	"participantId": "2",
	"sessionId": "20250520_130243",
	"conditionId": "Control Condition",
	"appState": "GEMS Evaluation (Part 2)"
}
{
	"timestampISO8601": "2025-05-20T13:08:48.057Z",
	"eventType": "Press",
	"buttonId": "IA_Trigger_Right",
	"controllerId": "Right",
	"durationSeconds": 0,
	"participantId": "2",
	"sessionId": "20250520_130243",
	"conditionId": "Control Condition",
	"appState": "GEMS Evaluation (Part 2)"
}
{
	"timestampISO8601": "2025-05-20T13:08:48.057Z",
	"eventType": "Press",
	"buttonId": "RightTrigger",
	"controllerId": "Right",
	"durationSeconds": 0,
	"participantId": "2",
	"sessionId": "20250520_130243",
	"conditionId": "Control Condition",
	"appState": "GEMS Evaluation (Part 2)"
}
{
	"timestampISO8601": "2025-05-20T13:08:48.987Z",
	"eventType": "Release",
	"buttonId": "IA_Trigger_Right",
	"controllerId": "Right",
	"durationSeconds": 0.93039419874548912,
	"participantId": "2",
	"sessionId": "20250520_130243",
	"conditionId": "Control Condition",
	"appState": "GEMS Evaluation (Part 2)"
}
{
	"timestampISO8601": "2025-05-20T13:08:48.988Z",
	"eventType": "Release",
	"buttonId": "RightTrigger",
	"controllerId": "Right",
	"durationSeconds": 0.93038100004196167,
	"participantId": "2",
	"sessionId": "20250520_130243",
	"conditionId": "Control Condition",
	"appState": "GEMS Evaluation (Part 2)"
}
{
	"timestampISO8601": "2025-05-20T13:08:49.738Z",
	"eventType": "Press",
	"buttonId": "IA_Trigger_Right",
	"controllerId": "Right",
	"durationSeconds": 0,
	"participantId": "2",
	"sessionId": "20250520_130243",
	"conditionId": "Control Condition",
	"appState": "GEMS Evaluation (Part 2)"
}
{
	"timestampISO8601": "2025-05-20T13:08:49.738Z",
	"eventType": "Press",
	"buttonId": "RightTrigger",
	"controllerId": "Right",
	"durationSeconds": 0,
	"participantId": "2",
	"sessionId": "20250520_130243",
	"conditionId": "Control Condition",
	"appState": "GEMS Evaluation (Part 2)"
}
{
	"timestampISO8601": "2025-05-20T13:08:54.390Z",
	"eventType": "Release",
	"buttonId": "IA_Trigger_Right",
	"controllerId": "Right",
	"durationSeconds": 4.6524856984615326,
	"participantId": "2",
	"sessionId": "20250520_130243",
	"conditionId": "Control Condition",
	"appState": "GEMS Evaluation (Part 2)"
}
{
	"timestampISO8601": "2025-05-20T13:08:54.391Z",
	"eventType": "Release",
	"buttonId": "RightTrigger",
	"controllerId": "Right",
	"durationSeconds": 4.6524867005646229,
	"participantId": "2",
	"sessionId": "20250520_130243",
	"conditionId": "Control Condition",
	"appState": "GEMS Evaluation (Part 2)"
}
{
	"timestampISO8601": "2025-05-20T13:08:56.446Z",
	"eventType": "Press",
	"buttonId": "IA_Trigger_Right",
	"controllerId": "Right",
	"durationSeconds": 0,
	"participantId": "2",
	"sessionId": "20250520_130243",
	"conditionId": "Control Condition",
	"appState": "GEMS Evaluation (Part 2)"
}
{
	"timestampISO8601": "2025-05-20T13:08:56.446Z",
	"eventType": "Press",
	"buttonId": "RightTrigger",
	"controllerId": "Right",
	"durationSeconds": 0,
	"participantId": "2",
	"sessionId": "20250520_130243",
	"conditionId": "Control Condition",
	"appState": "GEMS Evaluation (Part 2)"
}
{
	"timestampISO8601": "2025-05-20T13:08:56.668Z",
	"eventType": "Release",
	"buttonId": "IA_Trigger_Right",
	"controllerId": "Right",
	"durationSeconds": 0.22195339947938919,
	"participantId": "2",
	"sessionId": "20250520_130243",
	"conditionId": "Control Condition",
	"appState": "GEMS Evaluation (Part 2)"
}
{
	"timestampISO8601": "2025-05-20T13:08:56.668Z",
	"eventType": "Release",
	"buttonId": "RightTrigger",
	"controllerId": "Right",
	"durationSeconds": 0.22196979820728302,
	"participantId": "2",
	"sessionId": "20250520_130243",
	"conditionId": "Control Condition",
	"appState": "GEMS Evaluation (Part 2)"
}
{
	"timestampISO8601": "2025-05-20T13:09:05.098Z",
	"eventType": "Press",
	"buttonId": "IA_Trigger_Right",
	"controllerId": "Right",
	"durationSeconds": 0,
	"participantId": "2",
	"sessionId": "20250520_130243",
	"conditionId": "Control Condition",
	"appState": "Presence Evaluation"
}
{
	"timestampISO8601": "2025-05-20T13:09:05.099Z",
	"eventType": "Press",
	"buttonId": "RightTrigger",
	"controllerId": "Right",
	"durationSeconds": 0,
	"participantId": "2",
	"sessionId": "20250520_130243",
	"conditionId": "Control Condition",
	"appState": "Presence Evaluation"
}
