{
	"timestampISO8601": "2025-05-20T08:48:38.299Z",
	"eventType": "Press",
	"buttonId": "IA_Trigger_Right",
	"controllerId": "Right",
	"durationSeconds": 0,
	"participantId": "4",
	"sessionId": "20250520_084837",
	"conditionId": "General Tutorial",
	"appState": "General Tutorial (Introduction)"
}
{
	"timestampISO8601": "2025-05-20T08:48:38.299Z",
	"eventType": "Press",
	"buttonId": "RightTrigger",
	"controllerId": "Right",
	"durationSeconds": 0,
	"participantId": "4",
	"sessionId": "20250520_084837",
	"conditionId": "General Tutorial",
	"appState": "General Tutorial (Introduction)"
}
{
	"timestampISO8601": "2025-05-20T08:48:38.493Z",
	"eventType": "Release",
	"buttonId": "IA_Trigger_Right",
	"controllerId": "Right",
	"durationSeconds": 0.19463640078902245,
	"participantId": "4",
	"sessionId": "20250520_084837",
	"conditionId": "General Tutorial",
	"appState": "General Tutorial (Introduction)"
}
{
	"timestampISO8601": "2025-05-20T08:48:38.494Z",
	"eventType": "Release",
	"buttonId": "RightTrigger",
	"controllerId": "Right",
	"durationSeconds": 0.19450539723038673,
	"participantId": "4",
	"sessionId": "20250520_084837",
	"conditionId": "General Tutorial",
	"appState": "General Tutorial (Introduction)"
}
{
	"timestampISO8601": "2025-05-20T08:48:39.354Z",
	"eventType": "Press",
	"buttonId": "IA_Trigger_Right",
	"controllerId": "Right",
	"durationSeconds": 0,
	"participantId": "4",
	"sessionId": "20250520_084837",
	"conditionId": "General Tutorial",
	"appState": "General Tutorial (SAM Explanation)"
}
{
	"timestampISO8601": "2025-05-20T08:48:39.354Z",
	"eventType": "Press",
	"buttonId": "RightTrigger",
	"controllerId": "Right",
	"durationSeconds": 0,
	"participantId": "4",
	"sessionId": "20250520_084837",
	"conditionId": "General Tutorial",
	"appState": "General Tutorial (SAM Explanation)"
}
{
	"timestampISO8601": "2025-05-20T08:48:39.493Z",
	"eventType": "Release",
	"buttonId": "IA_Trigger_Right",
	"controllerId": "Right",
	"durationSeconds": 0.13891379907727242,
	"participantId": "4",
	"sessionId": "20250520_084837",
	"conditionId": "General Tutorial",
	"appState": "General Tutorial (SAM Explanation)"
}
{
	"timestampISO8601": "2025-05-20T08:48:39.493Z",
	"eventType": "Release",
	"buttonId": "RightTrigger",
	"controllerId": "Right",
	"durationSeconds": 0.13891090080142021,
	"participantId": "4",
	"sessionId": "20250520_084837",
	"conditionId": "General Tutorial",
	"appState": "General Tutorial (SAM Explanation)"
}
{
	"timestampISO8601": "2025-05-20T08:48:39.743Z",
	"eventType": "Press",
	"buttonId": "IA_Trigger_Right",
	"controllerId": "Right",
	"durationSeconds": 0,
	"participantId": "4",
	"sessionId": "20250520_084837",
	"conditionId": "General Tutorial",
	"appState": "General Tutorial (SAM Explanation)"
}
{
	"timestampISO8601": "2025-05-20T08:48:39.744Z",
	"eventType": "Press",
	"buttonId": "RightTrigger",
	"controllerId": "Right",
	"durationSeconds": 0,
	"participantId": "4",
	"sessionId": "20250520_084837",
	"conditionId": "General Tutorial",
	"appState": "General Tutorial (SAM Explanation)"
}
{
	"timestampISO8601": "2025-05-20T08:48:39.854Z",
	"eventType": "Release",
	"buttonId": "IA_Trigger_Right",
	"controllerId": "Right",
	"durationSeconds": 0.11129039898514748,
	"participantId": "4",
	"sessionId": "20250520_084837",
	"conditionId": "General Tutorial",
	"appState": "General Tutorial (SAM Explanation)"
}
{
	"timestampISO8601": "2025-05-20T08:48:39.854Z",
	"eventType": "Release",
	"buttonId": "RightTrigger",
	"controllerId": "Right",
	"durationSeconds": 0.11124320328235626,
	"participantId": "4",
	"sessionId": "20250520_084837",
	"conditionId": "General Tutorial",
	"appState": "General Tutorial (SAM Explanation)"
}
{
	"timestampISO8601": "2025-05-20T08:48:40.357Z",
	"eventType": "Press",
	"buttonId": "IA_Trigger_Right",
	"controllerId": "Right",
	"durationSeconds": 0,
	"participantId": "4",
	"sessionId": "20250520_084837",
	"conditionId": "General Tutorial",
	"appState": "General Tutorial (Presence Explanation)"
}
{
	"timestampISO8601": "2025-05-20T08:48:40.357Z",
	"eventType": "Press",
	"buttonId": "RightTrigger",
	"controllerId": "Right",
	"durationSeconds": 0,
	"participantId": "4",
	"sessionId": "20250520_084837",
	"conditionId": "General Tutorial",
	"appState": "General Tutorial (Presence Explanation)"
}
{
	"timestampISO8601": "2025-05-20T08:48:40.495Z",
	"eventType": "Release",
	"buttonId": "IA_Trigger_Right",
	"controllerId": "Right",
	"durationSeconds": 0.13852990046143532,
	"participantId": "4",
	"sessionId": "20250520_084837",
	"conditionId": "General Tutorial",
	"appState": "General Tutorial (Presence Explanation)"
}
{
	"timestampISO8601": "2025-05-20T08:48:40.496Z",
	"eventType": "Release",
	"buttonId": "RightTrigger",
	"controllerId": "Right",
	"durationSeconds": 0.13851530104875565,
	"participantId": "4",
	"sessionId": "20250520_084837",
	"conditionId": "General Tutorial",
	"appState": "General Tutorial (Presence Explanation)"
}
{
	"timestampISO8601": "2025-05-20T08:48:40.604Z",
	"eventType": "Press",
	"buttonId": "IA_Trigger_Right",
	"controllerId": "Right",
	"durationSeconds": 0,
	"participantId": "4",
	"sessionId": "20250520_084837",
	"conditionId": "General Tutorial",
	"appState": "General Tutorial (Ending)"
}
{
	"timestampISO8601": "2025-05-20T08:48:40.604Z",
	"eventType": "Press",
	"buttonId": "RightTrigger",
	"controllerId": "Right",
	"durationSeconds": 0,
	"participantId": "4",
	"sessionId": "20250520_084837",
	"conditionId": "General Tutorial",
	"appState": "General Tutorial (Ending)"
}
{
	"timestampISO8601": "2025-05-20T08:48:40.688Z",
	"eventType": "Release",
	"buttonId": "IA_Trigger_Right",
	"controllerId": "Right",
	"durationSeconds": 0.083582602441310883,
	"participantId": "4",
	"sessionId": "20250520_084837",
	"conditionId": "General Tutorial",
	"appState": "General Tutorial (Ending)"
}
{
	"timestampISO8601": "2025-05-20T08:48:40.688Z",
	"eventType": "Release",
	"buttonId": "RightTrigger",
	"controllerId": "Right",
	"durationSeconds": 0.083605200052261353,
	"participantId": "4",
	"sessionId": "20250520_084837",
	"conditionId": "General Tutorial",
	"appState": "General Tutorial (Ending)"
}
{
	"timestampISO8601": "2025-05-20T08:48:40.885Z",
	"eventType": "Press",
	"buttonId": "IA_Trigger_Right",
	"controllerId": "Right",
	"durationSeconds": 0,
	"participantId": "4",
	"sessionId": "20250520_084837",
	"conditionId": "Control Condition",
	"appState": "Briefing Condition"
}
{
	"timestampISO8601": "2025-05-20T08:48:40.885Z",
	"eventType": "Press",
	"buttonId": "RightTrigger",
	"controllerId": "Right",
	"durationSeconds": 0,
	"participantId": "4",
	"sessionId": "20250520_084837",
	"conditionId": "Control Condition",
	"appState": "Briefing Condition"
}
{
	"timestampISO8601": "2025-05-20T08:48:40.968Z",
	"eventType": "Release",
	"buttonId": "IA_Trigger_Right",
	"controllerId": "Right",
	"durationSeconds": 0.082865897566080093,
	"participantId": "4",
	"sessionId": "20250520_084837",
	"conditionId": "Control Condition",
	"appState": "Briefing Condition"
}
{
	"timestampISO8601": "2025-05-20T08:48:40.968Z",
	"eventType": "Release",
	"buttonId": "RightTrigger",
	"controllerId": "Right",
	"durationSeconds": 0.08278840035200119,
	"participantId": "4",
	"sessionId": "20250520_084837",
	"conditionId": "Control Condition",
	"appState": "Briefing Condition"
}
{
	"timestampISO8601": "2025-05-20T08:48:41.219Z",
	"eventType": "Press",
	"buttonId": "IA_Trigger_Right",
	"controllerId": "Right",
	"durationSeconds": 0,
	"participantId": "4",
	"sessionId": "20250520_084837",
	"conditionId": "Control Condition",
	"appState": "Briefing Condition"
}
{
	"timestampISO8601": "2025-05-20T08:48:41.219Z",
	"eventType": "Press",
	"buttonId": "RightTrigger",
	"controllerId": "Right",
	"durationSeconds": 0,
	"participantId": "4",
	"sessionId": "20250520_084837",
	"conditionId": "Control Condition",
	"appState": "Briefing Condition"
}
{
	"timestampISO8601": "2025-05-20T08:48:41.329Z",
	"eventType": "Release",
	"buttonId": "IA_Trigger_Right",
	"controllerId": "Right",
	"durationSeconds": 0.10975689813494682,
	"participantId": "4",
	"sessionId": "20250520_084837",
	"conditionId": "Control Condition",
	"appState": "Briefing Condition"
}
{
	"timestampISO8601": "2025-05-20T08:48:41.329Z",
	"eventType": "Release",
	"buttonId": "RightTrigger",
	"controllerId": "Right",
	"durationSeconds": 0.10974540188908577,
	"participantId": "4",
	"sessionId": "20250520_084837",
	"conditionId": "Control Condition",
	"appState": "Briefing Condition"
}
{
	"timestampISO8601": "2025-05-20T08:48:41.995Z",
	"eventType": "Press",
	"buttonId": "IA_Trigger_Right",
	"controllerId": "Right",
	"durationSeconds": 0,
	"participantId": "4",
	"sessionId": "20250520_084837",
	"conditionId": "Control Condition",
	"appState": "Preparation Phase"
}
{
	"timestampISO8601": "2025-05-20T08:48:41.995Z",
	"eventType": "Press",
	"buttonId": "RightTrigger",
	"controllerId": "Right",
	"durationSeconds": 0,
	"participantId": "4",
	"sessionId": "20250520_084837",
	"conditionId": "Control Condition",
	"appState": "Preparation Phase"
}
{
	"timestampISO8601": "2025-05-20T08:48:42.134Z",
	"eventType": "Release",
	"buttonId": "IA_Trigger_Right",
	"controllerId": "Right",
	"durationSeconds": 0.13853869959712029,
	"participantId": "4",
	"sessionId": "20250520_084837",
	"conditionId": "Control Condition",
	"appState": "Preparation Phase"
}
{
	"timestampISO8601": "2025-05-20T08:48:42.134Z",
	"eventType": "Release",
	"buttonId": "RightTrigger",
	"controllerId": "Right",
	"durationSeconds": 0.13850979879498482,
	"participantId": "4",
	"sessionId": "20250520_084837",
	"conditionId": "Control Condition",
	"appState": "Preparation Phase"
}
