{
	"timestampISO8601": "2025-06-04T15:43:34.761Z",
	"eventType": "Press",
	"buttonId": "IA_Trigger_Right",
	"controllerId": "Right",
	"durationSeconds": 0,
	"participantId": "57",
	"sessionId": "20250604_154334",
	"conditionId": "General Tutorial",
	"appState": "General Tutorial (Introduction)"
}
{
	"timestampISO8601": "2025-06-04T15:43:34.762Z",
	"eventType": "Press",
	"buttonId": "RightTrigger",
	"controllerId": "Right",
	"durationSeconds": 0,
	"participantId": "57",
	"sessionId": "20250604_154334",
	"conditionId": "General Tutorial",
	"appState": "General Tutorial (Introduction)"
}
{
	"timestampISO8601": "2025-06-04T15:43:34.900Z",
	"eventType": "Release",
	"buttonId": "IA_Trigger_Right",
	"controllerId": "Right",
	"durationSeconds": 0.13880329951643944,
	"participantId": "57",
	"sessionId": "20250604_154334",
	"conditionId": "General Tutorial",
	"appState": "General Tutorial (Introduction)"
}
{
	"timestampISO8601": "2025-06-04T15:43:34.901Z",
	"eventType": "Release",
	"buttonId": "RightTrigger",
	"controllerId": "Right",
	"durationSeconds": 0.1379316970705986,
	"participantId": "57",
	"sessionId": "20250604_154334",
	"conditionId": "General Tutorial",
	"appState": "General Tutorial (Introduction)"
}
{
	"timestampISO8601": "2025-06-04T15:43:36.498Z",
	"eventType": "Press",
	"buttonId": "IA_Trigger_Right",
	"controllerId": "Right",
	"durationSeconds": 0,
	"participantId": "57",
	"sessionId": "20250604_154334",
	"conditionId": "General Tutorial",
	"appState": "General Tutorial (SAM Explanation)"
}
{
	"timestampISO8601": "2025-06-04T15:43:36.498Z",
	"eventType": "Press",
	"buttonId": "RightTrigger",
	"controllerId": "Right",
	"durationSeconds": 0,
	"participantId": "57",
	"sessionId": "20250604_154334",
	"conditionId": "General Tutorial",
	"appState": "General Tutorial (SAM Explanation)"
}
{
	"timestampISO8601": "2025-06-04T15:43:36.956Z",
	"eventType": "Release",
	"buttonId": "IA_Trigger_Right",
	"controllerId": "Right",
	"durationSeconds": 0.45822659879922867,
	"participantId": "57",
	"sessionId": "20250604_154334",
	"conditionId": "General Tutorial",
	"appState": "General Tutorial (SAM Explanation)"
}
{
	"timestampISO8601": "2025-06-04T15:43:36.957Z",
	"eventType": "Release",
	"buttonId": "RightTrigger",
	"controllerId": "Right",
	"durationSeconds": 0.45821620151400566,
	"participantId": "57",
	"sessionId": "20250604_154334",
	"conditionId": "General Tutorial",
	"appState": "General Tutorial (SAM Explanation)"
}
{
	"timestampISO8601": "2025-06-04T15:43:37.053Z",
	"eventType": "Press",
	"buttonId": "IA_Trigger_Right",
	"controllerId": "Right",
	"durationSeconds": 0,
	"participantId": "57",
	"sessionId": "20250604_154334",
	"conditionId": "General Tutorial",
	"appState": "General Tutorial (SAM Explanation)"
}
{
	"timestampISO8601": "2025-06-04T15:43:37.053Z",
	"eventType": "Press",
	"buttonId": "RightTrigger",
	"controllerId": "Right",
	"durationSeconds": 0,
	"participantId": "57",
	"sessionId": "20250604_154334",
	"conditionId": "General Tutorial",
	"appState": "General Tutorial (SAM Explanation)"
}
{
	"timestampISO8601": "2025-06-04T15:43:37.637Z",
	"eventType": "Release",
	"buttonId": "IA_Trigger_Right",
	"controllerId": "Right",
	"durationSeconds": 0.5836338996887207,
	"participantId": "57",
	"sessionId": "20250604_154334",
	"conditionId": "General Tutorial",
	"appState": "General Tutorial (SAM Explanation)"
}
{
	"timestampISO8601": "2025-06-04T15:43:37.637Z",
	"eventType": "Release",
	"buttonId": "RightTrigger",
	"controllerId": "Right",
	"durationSeconds": 0.5836573988199234,
	"participantId": "57",
	"sessionId": "20250604_154334",
	"conditionId": "General Tutorial",
	"appState": "General Tutorial (SAM Explanation)"
}
{
	"timestampISO8601": "2025-06-04T15:43:44.692Z",
	"eventType": "Press",
	"buttonId": "IA_Trigger_Right",
	"controllerId": "Right",
	"durationSeconds": 0,
	"participantId": "57",
	"sessionId": "20250604_154334",
	"conditionId": "General Tutorial",
	"appState": "General Tutorial (SAM Explanation)"
}
{
	"timestampISO8601": "2025-06-04T15:43:44.692Z",
	"eventType": "Press",
	"buttonId": "RightTrigger",
	"controllerId": "Right",
	"durationSeconds": 0,
	"participantId": "57",
	"sessionId": "20250604_154334",
	"conditionId": "General Tutorial",
	"appState": "General Tutorial (SAM Explanation)"
}
{
	"timestampISO8601": "2025-06-04T15:43:45.359Z",
	"eventType": "Release",
	"buttonId": "IA_Trigger_Right",
	"controllerId": "Right",
	"durationSeconds": 0.66654190048575401,
	"participantId": "57",
	"sessionId": "20250604_154334",
	"conditionId": "General Tutorial",
	"appState": "General Tutorial (SAM Explanation)"
}
{
	"timestampISO8601": "2025-06-04T15:43:45.359Z",
	"eventType": "Release",
	"buttonId": "RightTrigger",
	"controllerId": "Right",
	"durationSeconds": 0.66652330011129379,
	"participantId": "57",
	"sessionId": "20250604_154334",
	"conditionId": "General Tutorial",
	"appState": "General Tutorial (SAM Explanation)"
}
