{
	"timestampISO8601": "2025-05-20T12:59:43.023Z",
	"eventType": "Press",
	"buttonId": "IA_Trigger_Right",
	"controllerId": "Right",
	"durationSeconds": 0,
	"participantId": "2",
	"sessionId": "20250520_125915",
	"conditionId": "General Tutorial",
	"appState": "General Tutorial (Introduction)"
}
{
	"timestampISO8601": "2025-05-20T12:59:43.023Z",
	"eventType": "Press",
	"buttonId": "RightTrigger",
	"controllerId": "Right",
	"durationSeconds": 0,
	"participantId": "2",
	"sessionId": "20250520_125915",
	"conditionId": "General Tutorial",
	"appState": "General Tutorial (Introduction)"
}
{
	"timestampISO8601": "2025-05-20T12:59:43.217Z",
	"eventType": "Release",
	"buttonId": "IA_Trigger_Right",
	"controllerId": "Right",
	"durationSeconds": 0.19431079924106598,
	"participantId": "2",
	"sessionId": "20250520_125915",
	"conditionId": "General Tutorial",
	"appState": "General Tutorial (Introduction)"
}
{
	"timestampISO8601": "2025-05-20T12:59:43.217Z",
	"eventType": "Release",
	"buttonId": "RightTrigger",
	"controllerId": "Right",
	"durationSeconds": 0.19373530149459839,
	"participantId": "2",
	"sessionId": "20250520_125915",
	"conditionId": "General Tutorial",
	"appState": "General Tutorial (Introduction)"
}
{
	"timestampISO8601": "2025-05-20T13:00:13.204Z",
	"eventType": "Press",
	"buttonId": "IA_Trigger_Right",
	"controllerId": "Right",
	"durationSeconds": 0,
	"participantId": "2",
	"sessionId": "20250520_125915",
	"conditionId": "General Tutorial",
	"appState": "General Tutorial (SAM Explanation)"
}
{
	"timestampISO8601": "2025-05-20T13:00:13.205Z",
	"eventType": "Press",
	"buttonId": "RightTrigger",
	"controllerId": "Right",
	"durationSeconds": 0,
	"participantId": "2",
	"sessionId": "20250520_125915",
	"conditionId": "General Tutorial",
	"appState": "General Tutorial (SAM Explanation)"
}
{
	"timestampISO8601": "2025-05-20T13:00:13.454Z",
	"eventType": "Release",
	"buttonId": "IA_Trigger_Right",
	"controllerId": "Right",
	"durationSeconds": 0.24980289861559868,
	"participantId": "2",
	"sessionId": "20250520_125915",
	"conditionId": "General Tutorial",
	"appState": "General Tutorial (SAM Explanation)"
}
{
	"timestampISO8601": "2025-05-20T13:00:13.454Z",
	"eventType": "Release",
	"buttonId": "RightTrigger",
	"controllerId": "Right",
	"durationSeconds": 0.24972500279545784,
	"participantId": "2",
	"sessionId": "20250520_125915",
	"conditionId": "General Tutorial",
	"appState": "General Tutorial (SAM Explanation)"
}
{
	"timestampISO8601": "2025-05-20T13:00:15.523Z",
	"eventType": "Press",
	"buttonId": "IA_Trigger_Right",
	"controllerId": "Right",
	"durationSeconds": 0,
	"participantId": "2",
	"sessionId": "20250520_125915",
	"conditionId": "General Tutorial",
	"appState": "General Tutorial (SAM Explanation)"
}
{
	"timestampISO8601": "2025-05-20T13:00:15.524Z",
	"eventType": "Press",
	"buttonId": "RightTrigger",
	"controllerId": "Right",
	"durationSeconds": 0,
	"participantId": "2",
	"sessionId": "20250520_125915",
	"conditionId": "General Tutorial",
	"appState": "General Tutorial (SAM Explanation)"
}
{
	"timestampISO8601": "2025-05-20T13:00:18.481Z",
	"eventType": "Release",
	"buttonId": "IA_Trigger_Right",
	"controllerId": "Right",
	"durationSeconds": 2.9577418006956577,
	"participantId": "2",
	"sessionId": "20250520_125915",
	"conditionId": "General Tutorial",
	"appState": "General Tutorial (SAM Explanation)"
}
{
	"timestampISO8601": "2025-05-20T13:00:18.482Z",
	"eventType": "Release",
	"buttonId": "RightTrigger",
	"controllerId": "Right",
	"durationSeconds": 2.9577412977814674,
	"participantId": "2",
	"sessionId": "20250520_125915",
	"conditionId": "General Tutorial",
	"appState": "General Tutorial (SAM Explanation)"
}
{
	"timestampISO8601": "2025-05-20T13:00:21.301Z",
	"eventType": "Press",
	"buttonId": "IA_Trigger_Right",
	"controllerId": "Right",
	"durationSeconds": 0,
	"participantId": "2",
	"sessionId": "20250520_125915",
	"conditionId": "General Tutorial",
	"appState": "General Tutorial (SAM Explanation)"
}
{
	"timestampISO8601": "2025-05-20T13:00:21.301Z",
	"eventType": "Press",
	"buttonId": "RightTrigger",
	"controllerId": "Right",
	"durationSeconds": 0,
	"participantId": "2",
	"sessionId": "20250520_125915",
	"conditionId": "General Tutorial",
	"appState": "General Tutorial (SAM Explanation)"
}
{
	"timestampISO8601": "2025-05-20T13:00:24.551Z",
	"eventType": "Release",
	"buttonId": "IA_Trigger_Right",
	"controllerId": "Right",
	"durationSeconds": 3.2492511011660099,
	"participantId": "2",
	"sessionId": "20250520_125915",
	"conditionId": "General Tutorial",
	"appState": "General Tutorial (SAM Explanation)"
}
{
	"timestampISO8601": "2025-05-20T13:00:24.551Z",
	"eventType": "Release",
	"buttonId": "RightTrigger",
	"controllerId": "Right",
	"durationSeconds": 3.2492164000868797,
	"participantId": "2",
	"sessionId": "20250520_125915",
	"conditionId": "General Tutorial",
	"appState": "General Tutorial (SAM Explanation)"
}
{
	"timestampISO8601": "2025-05-20T13:00:26.466Z",
	"eventType": "Press",
	"buttonId": "IA_Trigger_Right",
	"controllerId": "Right",
	"durationSeconds": 0,
	"participantId": "2",
	"sessionId": "20250520_125915",
	"conditionId": "General Tutorial",
	"appState": "General Tutorial (SAM Explanation)"
}
{
	"timestampISO8601": "2025-05-20T13:00:26.467Z",
	"eventType": "Press",
	"buttonId": "RightTrigger",
	"controllerId": "Right",
	"durationSeconds": 0,
	"participantId": "2",
	"sessionId": "20250520_125915",
	"conditionId": "General Tutorial",
	"appState": "General Tutorial (SAM Explanation)"
}
{
	"timestampISO8601": "2025-05-20T13:00:29.134Z",
	"eventType": "Release",
	"buttonId": "IA_Trigger_Right",
	"controllerId": "Right",
	"durationSeconds": 2.667349100112915,
	"participantId": "2",
	"sessionId": "20250520_125915",
	"conditionId": "General Tutorial",
	"appState": "General Tutorial (SAM Explanation)"
}
{
	"timestampISO8601": "2025-05-20T13:00:29.134Z",
	"eventType": "Release",
	"buttonId": "RightTrigger",
	"controllerId": "Right",
	"durationSeconds": 2.6673728004097939,
	"participantId": "2",
	"sessionId": "20250520_125915",
	"conditionId": "General Tutorial",
	"appState": "General Tutorial (SAM Explanation)"
}
{
	"timestampISO8601": "2025-05-20T13:00:29.509Z",
	"eventType": "Press",
	"buttonId": "IA_Trigger_Right",
	"controllerId": "Right",
	"durationSeconds": 0,
	"participantId": "2",
	"sessionId": "20250520_125915",
	"conditionId": "General Tutorial",
	"appState": "General Tutorial (SAM Explanation)"
}
{
	"timestampISO8601": "2025-05-20T13:00:29.509Z",
	"eventType": "Press",
	"buttonId": "RightTrigger",
	"controllerId": "Right",
	"durationSeconds": 0,
	"participantId": "2",
	"sessionId": "20250520_125915",
	"conditionId": "General Tutorial",
	"appState": "General Tutorial (SAM Explanation)"
}
{
	"timestampISO8601": "2025-05-20T13:00:30.260Z",
	"eventType": "Release",
	"buttonId": "IA_Trigger_Right",
	"controllerId": "Right",
	"durationSeconds": 0.75021689757704735,
	"participantId": "2",
	"sessionId": "20250520_125915",
	"conditionId": "General Tutorial",
	"appState": "General Tutorial (SAM Explanation)"
}
{
	"timestampISO8601": "2025-05-20T13:00:30.260Z",
	"eventType": "Release",
	"buttonId": "RightTrigger",
	"controllerId": "Right",
	"durationSeconds": 0.7502124011516571,
	"participantId": "2",
	"sessionId": "20250520_125915",
	"conditionId": "General Tutorial",
	"appState": "General Tutorial (SAM Explanation)"
}
{
	"timestampISO8601": "2025-05-20T13:00:30.940Z",
	"eventType": "Press",
	"buttonId": "IA_Trigger_Right",
	"controllerId": "Right",
	"durationSeconds": 0,
	"participantId": "2",
	"sessionId": "20250520_125915",
	"conditionId": "General Tutorial",
	"appState": "General Tutorial (SAM Explanation)"
}
{
	"timestampISO8601": "2025-05-20T13:00:30.940Z",
	"eventType": "Press",
	"buttonId": "RightTrigger",
	"controllerId": "Right",
	"durationSeconds": 0,
	"participantId": "2",
	"sessionId": "20250520_125915",
	"conditionId": "General Tutorial",
	"appState": "General Tutorial (SAM Explanation)"
}
{
	"timestampISO8601": "2025-05-20T13:00:31.662Z",
	"eventType": "Release",
	"buttonId": "IA_Trigger_Right",
	"controllerId": "Right",
	"durationSeconds": 0.72241140156984329,
	"participantId": "2",
	"sessionId": "20250520_125915",
	"conditionId": "General Tutorial",
	"appState": "General Tutorial (SAM Explanation)"
}
{
	"timestampISO8601": "2025-05-20T13:00:31.663Z",
	"eventType": "Release",
	"buttonId": "RightTrigger",
	"controllerId": "Right",
	"durationSeconds": 0.72243459895253181,
	"participantId": "2",
	"sessionId": "20250520_125915",
	"conditionId": "General Tutorial",
	"appState": "General Tutorial (SAM Explanation)"
}
{
	"timestampISO8601": "2025-05-20T13:00:33.829Z",
	"eventType": "Press",
	"buttonId": "IA_Trigger_Right",
	"controllerId": "Right",
	"durationSeconds": 0,
	"participantId": "2",
	"sessionId": "20250520_125915",
	"conditionId": "General Tutorial",
	"appState": "General Tutorial (SAM Explanation)"
}
{
	"timestampISO8601": "2025-05-20T13:00:33.830Z",
	"eventType": "Press",
	"buttonId": "RightTrigger",
	"controllerId": "Right",
	"durationSeconds": 0,
	"participantId": "2",
	"sessionId": "20250520_125915",
	"conditionId": "General Tutorial",
	"appState": "General Tutorial (SAM Explanation)"
}
{
	"timestampISO8601": "2025-05-20T13:00:33.997Z",
	"eventType": "Release",
	"buttonId": "IA_Trigger_Right",
	"controllerId": "Right",
	"durationSeconds": 0.16675090044736862,
	"participantId": "2",
	"sessionId": "20250520_125915",
	"conditionId": "General Tutorial",
	"appState": "General Tutorial (SAM Explanation)"
}
{
	"timestampISO8601": "2025-05-20T13:00:33.997Z",
	"eventType": "Release",
	"buttonId": "RightTrigger",
	"controllerId": "Right",
	"durationSeconds": 0.16673179715871811,
	"participantId": "2",
	"sessionId": "20250520_125915",
	"conditionId": "General Tutorial",
	"appState": "General Tutorial (SAM Explanation)"
}
{
	"timestampISO8601": "2025-05-20T13:00:56.982Z",
	"eventType": "Press",
	"buttonId": "IA_Trigger_Right",
	"controllerId": "Right",
	"durationSeconds": 0,
	"participantId": "2",
	"sessionId": "20250520_125915",
	"conditionId": "General Tutorial",
	"appState": "General Tutorial (Presence Explanation)"
}
{
	"timestampISO8601": "2025-05-20T13:00:56.982Z",
	"eventType": "Press",
	"buttonId": "RightTrigger",
	"controllerId": "Right",
	"durationSeconds": 0,
	"participantId": "2",
	"sessionId": "20250520_125915",
	"conditionId": "General Tutorial",
	"appState": "General Tutorial (Presence Explanation)"
}
{
	"timestampISO8601": "2025-05-20T13:00:57.941Z",
	"eventType": "Release",
	"buttonId": "IA_Trigger_Right",
	"controllerId": "Right",
	"durationSeconds": 0.95811769738793373,
	"participantId": "2",
	"sessionId": "20250520_125915",
	"conditionId": "General Tutorial",
	"appState": "General Tutorial (Presence Explanation)"
}
{
	"timestampISO8601": "2025-05-20T13:00:57.941Z",
	"eventType": "Release",
	"buttonId": "RightTrigger",
	"controllerId": "Right",
	"durationSeconds": 0.95809900015592575,
	"participantId": "2",
	"sessionId": "20250520_125915",
	"conditionId": "General Tutorial",
	"appState": "General Tutorial (Presence Explanation)"
}
{
	"timestampISO8601": "2025-05-20T13:00:58.496Z",
	"eventType": "Press",
	"buttonId": "IA_Trigger_Right",
	"controllerId": "Right",
	"durationSeconds": 0,
	"participantId": "2",
	"sessionId": "20250520_125915",
	"conditionId": "General Tutorial",
	"appState": "General Tutorial (Presence Explanation)"
}
{
	"timestampISO8601": "2025-05-20T13:00:58.496Z",
	"eventType": "Press",
	"buttonId": "RightTrigger",
	"controllerId": "Right",
	"durationSeconds": 0,
	"participantId": "2",
	"sessionId": "20250520_125915",
	"conditionId": "General Tutorial",
	"appState": "General Tutorial (Presence Explanation)"
}
{
	"timestampISO8601": "2025-05-20T13:01:02.024Z",
	"eventType": "Release",
	"buttonId": "IA_Trigger_Right",
	"controllerId": "Right",
	"durationSeconds": 3.5277542024850845,
	"participantId": "2",
	"sessionId": "20250520_125915",
	"conditionId": "General Tutorial",
	"appState": "General Tutorial (Presence Explanation)"
}
{
	"timestampISO8601": "2025-05-20T13:01:02.024Z",
	"eventType": "Release",
	"buttonId": "RightTrigger",
	"controllerId": "Right",
	"durationSeconds": 3.5277249999344349,
	"participantId": "2",
	"sessionId": "20250520_125915",
	"conditionId": "General Tutorial",
	"appState": "General Tutorial (Presence Explanation)"
}
{
	"timestampISO8601": "2025-05-20T13:01:04.218Z",
	"eventType": "Press",
	"buttonId": "IA_Trigger_Right",
	"controllerId": "Right",
	"durationSeconds": 0,
	"participantId": "2",
	"sessionId": "20250520_125915",
	"conditionId": "General Tutorial",
	"appState": "General Tutorial (Presence Explanation)"
}
{
	"timestampISO8601": "2025-05-20T13:01:04.219Z",
	"eventType": "Press",
	"buttonId": "RightTrigger",
	"controllerId": "Right",
	"durationSeconds": 0,
	"participantId": "2",
	"sessionId": "20250520_125915",
	"conditionId": "General Tutorial",
	"appState": "General Tutorial (Presence Explanation)"
}
{
	"timestampISO8601": "2025-05-20T13:01:04.344Z",
	"eventType": "Release",
	"buttonId": "IA_Trigger_Right",
	"controllerId": "Right",
	"durationSeconds": 0.12489949911832809,
	"participantId": "2",
	"sessionId": "20250520_125915",
	"conditionId": "General Tutorial",
	"appState": "General Tutorial (Presence Explanation)"
}
{
	"timestampISO8601": "2025-05-20T13:01:04.344Z",
	"eventType": "Release",
	"buttonId": "RightTrigger",
	"controllerId": "Right",
	"durationSeconds": 0.12488029897212982,
	"participantId": "2",
	"sessionId": "20250520_125915",
	"conditionId": "General Tutorial",
	"appState": "General Tutorial (Presence Explanation)"
}
{
	"timestampISO8601": "2025-05-20T13:01:08.371Z",
	"eventType": "Press",
	"buttonId": "IA_Trigger_Right",
	"controllerId": "Right",
	"durationSeconds": 0,
	"participantId": "2",
	"sessionId": "20250520_125915",
	"conditionId": "General Tutorial",
	"appState": "General Tutorial (Ending)"
}
{
	"timestampISO8601": "2025-05-20T13:01:08.371Z",
	"eventType": "Press",
	"buttonId": "RightTrigger",
	"controllerId": "Right",
	"durationSeconds": 0,
	"participantId": "2",
	"sessionId": "20250520_125915",
	"conditionId": "General Tutorial",
	"appState": "General Tutorial (Ending)"
}
{
	"timestampISO8601": "2025-05-20T13:01:08.551Z",
	"eventType": "Release",
	"buttonId": "IA_Trigger_Right",
	"controllerId": "Right",
	"durationSeconds": 0.18039339780807495,
	"participantId": "2",
	"sessionId": "20250520_125915",
	"conditionId": "General Tutorial",
	"appState": "General Tutorial (Ending)"
}
{
	"timestampISO8601": "2025-05-20T13:01:08.551Z",
	"eventType": "Release",
	"buttonId": "RightTrigger",
	"controllerId": "Right",
	"durationSeconds": 0.18038590252399445,
	"participantId": "2",
	"sessionId": "20250520_125915",
	"conditionId": "General Tutorial",
	"appState": "General Tutorial (Ending)"
}
{
	"timestampISO8601": "2025-05-20T13:01:14.302Z",
	"eventType": "Press",
	"buttonId": "IA_Trigger_Right",
	"controllerId": "Right",
	"durationSeconds": 0,
	"participantId": "2",
	"sessionId": "20250520_125915",
	"conditionId": "Control Condition",
	"appState": "Briefing Condition"
}
{
	"timestampISO8601": "2025-05-20T13:01:14.302Z",
	"eventType": "Press",
	"buttonId": "RightTrigger",
	"controllerId": "Right",
	"durationSeconds": 0,
	"participantId": "2",
	"sessionId": "20250520_125915",
	"conditionId": "Control Condition",
	"appState": "Briefing Condition"
}
{
	"timestampISO8601": "2025-05-20T13:01:14.482Z",
	"eventType": "Release",
	"buttonId": "IA_Trigger_Right",
	"controllerId": "Right",
	"durationSeconds": 0.18018259853124619,
	"participantId": "2",
	"sessionId": "20250520_125915",
	"conditionId": "Control Condition",
	"appState": "Briefing Condition"
}
{
	"timestampISO8601": "2025-05-20T13:01:14.482Z",
	"eventType": "Release",
	"buttonId": "RightTrigger",
	"controllerId": "Right",
	"durationSeconds": 0.1801752969622612,
	"participantId": "2",
	"sessionId": "20250520_125915",
	"conditionId": "Control Condition",
	"appState": "Briefing Condition"
}
{
	"timestampISO8601": "2025-05-20T13:01:22.827Z",
	"eventType": "Press",
	"buttonId": "IA_Trigger_Right",
	"controllerId": "Right",
	"durationSeconds": 0,
	"participantId": "2",
	"sessionId": "20250520_125915",
	"conditionId": "Control Condition",
	"appState": "Preparation Phase"
}
{
	"timestampISO8601": "2025-05-20T13:01:22.828Z",
	"eventType": "Press",
	"buttonId": "RightTrigger",
	"controllerId": "Right",
	"durationSeconds": 0,
	"participantId": "2",
	"sessionId": "20250520_125915",
	"conditionId": "Control Condition",
	"appState": "Preparation Phase"
}
{
	"timestampISO8601": "2025-05-20T13:01:22.939Z",
	"eventType": "Release",
	"buttonId": "IA_Trigger_Right",
	"controllerId": "Right",
	"durationSeconds": 0.11107319965958595,
	"participantId": "2",
	"sessionId": "20250520_125915",
	"conditionId": "Control Condition",
	"appState": "Preparation Phase"
}
{
	"timestampISO8601": "2025-05-20T13:01:22.940Z",
	"eventType": "Release",
	"buttonId": "RightTrigger",
	"controllerId": "Right",
	"durationSeconds": 0.11105519905686378,
	"participantId": "2",
	"sessionId": "20250520_125915",
	"conditionId": "Control Condition",
	"appState": "Preparation Phase"
}
